0 verbose cli /usr/bin/node /usr/bin/npm
1 info using npm@10.8.2
2 info using node@v20.20.2
3 silly config load:file:/usr/lib/node_modules/npm/npmrc
4 silly config load:file:/home/user/.npmrc
5 silly config load:file:/usr/etc/npmrc
6 verbose title npm install
7 verbose argv "install"
8 verbose logfile logs-max:10 dir:/home/user/.npm/_logs/2026-06-30T18_53_36_931Z-
9 verbose logfile /home/user/.npm/_logs/2026-06-30T18_53_36_931Z-debug-0.log
10 silly packumentCache heap:1002438656 maxSize:250609664 maxEntrySize:125304832
11 silly logfile start cleaning logs, removing 1 files
12 silly logfile done cleaning log files
13 silly idealTree buildDeps
14 silly reify moves {}
15 silly audit bulk request {
15 silly audit   '@adobe/css-tools': [ '4.5.0' ],
15 silly audit   '@asamuzakjp/css-color': [ '5.1.11' ],
15 silly audit   '@asamuzakjp/dom-selector': [ '7.1.1' ],
15 silly audit   '@asamuzakjp/generational-cache': [ '1.0.1' ],
15 silly audit   '@asamuzakjp/nwsapi': [ '2.3.9' ],
15 silly audit   '@babel/code-frame': [ '7.29.7' ],
15 silly audit   '@babel/compat-data': [ '7.29.7' ],
15 silly audit   '@babel/core': [ '7.29.7' ],
15 silly audit   '@babel/generator': [ '7.29.7' ],
15 silly audit   '@babel/helper-compilation-targets': [ '7.29.7' ],
15 silly audit   '@babel/helper-globals': [ '7.29.7' ],
15 silly audit   '@babel/helper-module-imports': [ '7.29.7' ],
15 silly audit   '@babel/helper-module-transforms': [ '7.29.7' ],
15 silly audit   '@babel/helper-plugin-utils': [ '7.29.7' ],
15 silly audit   '@babel/helper-string-parser': [ '7.29.7' ],
15 silly audit   '@babel/helper-validator-identifier': [ '7.29.7' ],
15 silly audit   '@babel/helper-validator-option': [ '7.29.7' ],
15 silly audit   '@babel/helpers': [ '7.29.7' ],
15 silly audit   '@babel/parser': [ '7.29.7' ],
15 silly audit   '@babel/plugin-transform-react-jsx-self': [ '7.29.7' ],
15 silly audit   '@babel/plugin-transform-react-jsx-source': [ '7.29.7' ],
15 silly audit   '@babel/runtime': [ '7.29.7' ],
15 silly audit   '@babel/template': [ '7.29.7' ],
15 silly audit   '@babel/traverse': [ '7.29.7' ],
15 silly audit   '@babel/types': [ '7.29.7' ],
15 silly audit   '@bramus/specificity': [ '2.4.2' ],
15 silly audit   '@csstools/color-helpers': [ '6.1.0' ],
15 silly audit   '@csstools/css-calc': [ '3.2.1' ],
15 silly audit   '@csstools/css-color-parser': [ '4.1.9' ],
15 silly audit   '@csstools/css-parser-algorithms': [ '4.0.0' ],
15 silly audit   '@csstools/css-syntax-patches-for-csstree': [ '1.1.6' ],
15 silly audit   '@csstools/css-tokenizer': [ '4.0.0' ],
15 silly audit   '@esbuild/aix-ppc64': [ '0.25.12' ],
15 silly audit   '@esbuild/android-arm': [ '0.25.12' ],
15 silly audit   '@esbuild/android-arm64': [ '0.25.12' ],
15 silly audit   '@esbuild/android-x64': [ '0.25.12' ],
15 silly audit   '@esbuild/darwin-arm64': [ '0.25.12' ],
15 silly audit   '@esbuild/darwin-x64': [ '0.25.12' ],
15 silly audit   '@esbuild/freebsd-arm64': [ '0.25.12' ],
15 silly audit   '@esbuild/freebsd-x64': [ '0.25.12' ],
15 silly audit   '@esbuild/linux-arm': [ '0.25.12' ],
15 silly audit   '@esbuild/linux-arm64': [ '0.25.12' ],
15 silly audit   '@esbuild/linux-ia32': [ '0.25.12' ],
15 silly audit   '@esbuild/linux-loong64': [ '0.25.12' ],
15 silly audit   '@esbuild/linux-mips64el': [ '0.25.12' ],
15 silly audit   '@esbuild/linux-ppc64': [ '0.25.12' ],
15 silly audit   '@esbuild/linux-riscv64': [ '0.25.12' ],
15 silly audit   '@esbuild/linux-s390x': [ '0.25.12' ],
15 silly audit   '@esbuild/linux-x64': [ '0.25.12' ],
15 silly audit   '@esbuild/netbsd-arm64': [ '0.25.12' ],
15 silly audit   '@esbuild/netbsd-x64': [ '0.25.12' ],
15 silly audit   '@esbuild/openbsd-arm64': [ '0.25.12' ],
15 silly audit   '@esbuild/openbsd-x64': [ '0.25.12' ],
15 silly audit   '@esbuild/openharmony-arm64': [ '0.25.12' ],
15 silly audit   '@esbuild/sunos-x64': [ '0.25.12' ],
15 silly audit   '@esbuild/win32-arm64': [ '0.25.12' ],
15 silly audit   '@esbuild/win32-ia32': [ '0.25.12' ],
15 silly audit   '@esbuild/win32-x64': [ '0.25.12' ],
15 silly audit   '@exodus/bytes': [ '1.15.1' ],
15 silly audit   '@jridgewell/gen-mapping': [ '0.3.13' ],
15 silly audit   '@jridgewell/remapping': [ '2.3.5' ],
15 silly audit   '@jridgewell/resolve-uri': [ '3.1.2' ],
15 silly audit   '@jridgewell/sourcemap-codec': [ '1.5.5' ],
15 silly audit   '@jridgewell/trace-mapping': [ '0.3.31' ],
15 silly audit   '@rolldown/pluginutils': [ '1.0.0-beta.27' ],
15 silly audit   '@rollup/rollup-android-arm-eabi': [ '4.62.2' ],
15 silly audit   '@rollup/rollup-android-arm64': [ '4.62.2' ],
15 silly audit   '@rollup/rollup-darwin-arm64': [ '4.62.2' ],
15 silly audit   '@rollup/rollup-darwin-x64': [ '4.62.2' ],
15 silly audit   '@rollup/rollup-freebsd-arm64': [ '4.62.2' ],
15 silly audit   '@rollup/rollup-freebsd-x64': [ '4.62.2' ],
15 silly audit   '@rollup/rollup-linux-arm-gnueabihf': [ '4.62.2' ],
15 silly audit   '@rollup/rollup-linux-arm-musleabihf': [ '4.62.2' ],
15 silly audit   '@rollup/rollup-linux-arm64-gnu': [ '4.62.2' ],
15 silly audit   '@rollup/rollup-linux-arm64-musl': [ '4.62.2' ],
15 silly audit   '@rollup/rollup-linux-loong64-gnu': [ '4.62.2' ],
15 silly audit   '@rollup/rollup-linux-loong64-musl': [ '4.62.2' ],
15 silly audit   '@rollup/rollup-linux-ppc64-gnu': [ '4.62.2' ],
15 silly audit   '@rollup/rollup-linux-ppc64-musl': [ '4.62.2' ],
15 silly audit   '@rollup/rollup-linux-riscv64-gnu': [ '4.62.2' ],
15 silly audit   '@rollup/rollup-linux-riscv64-musl': [ '4.62.2' ],
15 silly audit   '@rollup/rollup-linux-s390x-gnu': [ '4.62.2' ],
15 silly audit   '@rollup/rollup-linux-x64-gnu': [ '4.62.2' ],
15 silly audit   '@rollup/rollup-linux-x64-musl': [ '4.62.2' ],
15 silly audit   '@rollup/rollup-openbsd-x64': [ '4.62.2' ],
15 silly audit   '@rollup/rollup-openharmony-arm64': [ '4.62.2' ],
15 silly audit   '@rollup/rollup-win32-arm64-msvc': [ '4.62.2' ],
15 silly audit   '@rollup/rollup-win32-ia32-msvc': [ '4.62.2' ],
15 silly audit   '@rollup/rollup-win32-x64-gnu': [ '4.62.2' ],
15 silly audit   '@rollup/rollup-win32-x64-msvc': [ '4.62.2' ],
15 silly audit   '@standard-schema/spec': [ '1.1.0' ],
15 silly audit   '@testing-library/dom': [ '10.4.1' ],
15 silly audit   '@testing-library/jest-dom': [ '6.9.1' ],
15 silly audit   'dom-accessibility-api': [ '0.6.3', '0.5.16' ],
15 silly audit   '@testing-library/react': [ '16.3.2' ],
15 silly audit   '@types/aria-query': [ '5.0.4' ],
15 silly audit   '@types/babel__core': [ '7.20.5' ],
15 silly audit   '@types/babel__generator': [ '7.27.0' ],
15 silly audit   '@types/babel__template': [ '7.4.4' ],
15 silly audit   '@types/babel__traverse': [ '7.28.0' ],
15 silly audit   '@types/chai': [ '5.2.3' ],
15 silly audit   '@types/deep-eql': [ '4.0.2' ],
15 silly audit   '@types/estree': [ '1.0.9' ],
15 silly audit   '@types/prop-types': [ '15.7.15' ],
15 silly audit   '@types/react': [ '18.3.31' ],
15 silly audit   '@types/react-dom': [ '18.3.7' ],
15 silly audit   '@vitejs/plugin-react': [ '4.7.0' ],
15 silly audit   '@vitest/expect': [ '4.1.9' ],
15 silly audit   '@vitest/mocker': [ '4.1.9' ],
15 silly audit   '@vitest/pretty-format': [ '4.1.9' ],
15 silly audit   '@vitest/runner': [ '4.1.9' ],
15 silly audit   '@vitest/snapshot': [ '4.1.9' ],
15 silly audit   '@vitest/spy': [ '4.1.9' ],
15 silly audit   '@vitest/utils': [ '4.1.9' ],
15 silly audit   'ansi-regex': [ '5.0.1' ],
15 silly audit   'ansi-styles': [ '5.2.0' ],
15 silly audit   'aria-query': [ '5.3.0' ],
15 silly audit   'assertion-error': [ '2.0.1' ],
15 silly audit   'baseline-browser-mapping': [ '2.10.40' ],
15 silly audit   'bidi-js': [ '1.0.3' ],
15 silly audit   browserslist: [ '4.28.4' ],
15 silly audit   'caniuse-lite': [ '1.0.30001800' ],
15 silly audit   chai: [ '6.2.2' ],
15 silly audit   'convert-source-map': [ '2.0.0' ],
15 silly audit   'css-tree': [ '3.2.1' ],
15 silly audit   'css.escape': [ '1.5.1' ],
15 silly audit   csstype: [ '3.2.3' ],
15 silly audit   'data-urls': [ '7.0.0' ],
15 silly audit   debug: [ '4.4.3' ],
15 silly audit   'decimal.js': [ '10.6.0' ],
15 silly audit   dequal: [ '2.0.3' ],
15 silly audit   'electron-to-chromium': [ '1.5.382' ],
15 silly audit   entities: [ '8.0.0' ],
15 silly audit   'es-module-lexer': [ '2.2.0' ],
15 silly audit   esbuild: [ '0.25.12' ],
15 silly audit   escalade: [ '3.2.0' ],
15 silly audit   'estree-walker': [ '3.0.3' ],
15 silly audit   'expect-type': [ '1.4.0' ],
15 silly audit   fdir: [ '6.5.0' ],
15 silly audit   fsevents: [ '2.3.3' ],
15 silly audit   gensync: [ '1.0.0-beta.2' ],
15 silly audit   'html-encoding-sniffer': [ '6.0.0' ],
15 silly audit   'indent-string': [ '4.0.0' ],
15 silly audit   'is-potential-custom-element-name': [ '1.0.1' ],
15 silly audit   'js-tokens': [ '4.0.0' ],
15 silly audit   jsdom: [ '29.1.1' ],
15 silly audit   'lru-cache': [ '11.5.1', '5.1.1' ],
15 silly audit   jsesc: [ '3.1.0' ],
15 silly audit   json5: [ '2.2.3' ],
15 silly audit   'loose-envify': [ '1.4.0' ],
15 silly audit   'lz-string': [ '1.5.0' ],
15 silly audit   'magic-string': [ '0.30.21' ],
15 silly audit   'mdn-data': [ '2.27.1' ],
15 silly audit   'min-indent': [ '1.0.1' ],
15 silly audit   ms: [ '2.1.3' ],
15 silly audit   nanoid: [ '3.3.15' ],
15 silly audit   'node-releases': [ '2.0.50' ],
15 silly audit   obug: [ '2.1.3' ],
15 silly audit   parse5: [ '8.0.1' ],
15 silly audit   pathe: [ '2.0.3' ],
15 silly audit   picocolors: [ '1.1.1' ],
15 silly audit   picomatch: [ '4.0.4' ],
15 silly audit   postcss: [ '8.5.16' ],
15 silly audit   'pretty-format': [ '27.5.1' ],
15 silly audit   punycode: [ '2.3.1' ],
15 silly audit   react: [ '18.3.1' ],
15 silly audit   'react-dom': [ '18.3.1' ],
15 silly audit   'react-is': [ '17.0.2' ],
15 silly audit   'react-refresh': [ '0.17.0' ],
15 silly audit   redent: [ '3.0.0' ],
15 silly audit   'require-from-string': [ '2.0.2' ],
15 silly audit   rollup: [ '4.62.2' ],
15 silly audit   saxes: [ '6.0.0' ],
15 silly audit   scheduler: [ '0.23.2' ],
15 silly audit   semver: [ '6.3.1' ],
15 silly audit   siginfo: [ '2.0.0' ],
15 silly audit   'source-map-js': [ '1.2.1' ],
15 silly audit   stackback: [ '0.0.2' ],
15 silly audit   'std-env': [ '4.1.0' ],
15 silly audit   'strip-indent': [ '3.0.0' ],
15 silly audit   'symbol-tree': [ '3.2.4' ],
15 silly audit   tinybench: [ '2.9.0' ],
15 silly audit   tinyexec: [ '1.2.4' ],
15 silly audit   tinyglobby: [ '0.2.17' ],
15 silly audit   tinyrainbow: [ '3.1.0' ],
15 silly audit   tldts: [ '7.4.5' ],
15 silly audit   'tldts-core': [ '7.4.5' ],
15 silly audit   'tough-cookie': [ '6.0.1' ],
15 silly audit   tr46: [ '6.0.0' ],
15 silly audit   typescript: [ '5.9.3' ],
15 silly audit   undici: [ '7.28.0' ],
15 silly audit   'update-browserslist-db': [ '1.2.3' ],
15 silly audit   vite: [ '6.4.3' ],
15 silly audit   vitest: [ '4.1.9' ],
15 silly audit   'w3c-xmlserializer': [ '5.0.0' ],
15 silly audit   'webidl-conversions': [ '8.0.1' ],
15 silly audit   'whatwg-mimetype': [ '5.0.0' ],
15 silly audit   'whatwg-url': [ '16.0.1' ],
15 silly audit   'why-is-node-running': [ '2.3.0' ],
15 silly audit   'xml-name-validator': [ '5.0.0' ],
15 silly audit   xmlchars: [ '2.2.0' ],
15 silly audit   yallist: [ '3.1.1' ]
15 silly audit }
16 verbose reify failed optional dependency /home/user/node_modules/fsevents
17 silly reify mark deleted [ '/home/user/node_modules/fsevents' ]
18 verbose reify failed optional dependency /home/user/node_modules/@rollup/rollup-win32-x64-msvc
19 silly reify mark deleted [ '/home/user/node_modules/@rollup/rollup-win32-x64-msvc' ]
20 verbose reify failed optional dependency /home/user/node_modules/@rollup/rollup-win32-x64-gnu
21 silly reify mark deleted [ '/home/user/node_modules/@rollup/rollup-win32-x64-gnu' ]
22 verbose reify failed optional dependency /home/user/node_modules/@rollup/rollup-win32-ia32-msvc
23 silly reify mark deleted [ '/home/user/node_modules/@rollup/rollup-win32-ia32-msvc' ]
24 verbose reify failed optional dependency /home/user/node_modules/@rollup/rollup-win32-arm64-msvc
25 silly reify mark deleted [ '/home/user/node_modules/@rollup/rollup-win32-arm64-msvc' ]
26 verbose reify failed optional dependency /home/user/node_modules/@rollup/rollup-openharmony-arm64
27 silly reify mark deleted [ '/home/user/node_modules/@rollup/rollup-openharmony-arm64' ]
28 verbose reify failed optional dependency /home/user/node_modules/@rollup/rollup-openbsd-x64
29 silly reify mark deleted [ '/home/user/node_modules/@rollup/rollup-openbsd-x64' ]
30 verbose reify failed optional dependency /home/user/node_modules/@rollup/rollup-linux-s390x-gnu
31 silly reify mark deleted [ '/home/user/node_modules/@rollup/rollup-linux-s390x-gnu' ]
32 verbose reify failed optional dependency /home/user/node_modules/@rollup/rollup-linux-riscv64-musl
33 silly reify mark deleted [ '/home/user/node_modules/@rollup/rollup-linux-riscv64-musl' ]
34 verbose reify failed optional dependency /home/user/node_modules/@rollup/rollup-linux-riscv64-gnu
35 silly reify mark deleted [ '/home/user/node_modules/@rollup/rollup-linux-riscv64-gnu' ]
36 verbose reify failed optional dependency /home/user/node_modules/@rollup/rollup-linux-ppc64-musl
37 silly reify mark deleted [ '/home/user/node_modules/@rollup/rollup-linux-ppc64-musl' ]
38 verbose reify failed optional dependency /home/user/node_modules/@rollup/rollup-linux-ppc64-gnu
39 silly reify mark deleted [ '/home/user/node_modules/@rollup/rollup-linux-ppc64-gnu' ]
40 verbose reify failed optional dependency /home/user/node_modules/@rollup/rollup-linux-loong64-musl
41 silly reify mark deleted [ '/home/user/node_modules/@rollup/rollup-linux-loong64-musl' ]
42 verbose reify failed optional dependency /home/user/node_modules/@rollup/rollup-linux-loong64-gnu
43 silly reify mark deleted [ '/home/user/node_modules/@rollup/rollup-linux-loong64-gnu' ]
44 verbose reify failed optional dependency /home/user/node_modules/@rollup/rollup-linux-arm64-musl
45 silly reify mark deleted [ '/home/user/node_modules/@rollup/rollup-linux-arm64-musl' ]
46 verbose reify failed optional dependency /home/user/node_modules/@rollup/rollup-linux-arm64-gnu
47 silly reify mark deleted [ '/home/user/node_modules/@rollup/rollup-linux-arm64-gnu' ]
48 verbose reify failed optional dependency /home/user/node_modules/@rollup/rollup-linux-arm-musleabihf
49 silly reify mark deleted [ '/home/user/node_modules/@rollup/rollup-linux-arm-musleabihf' ]
50 verbose reify failed optional dependency /home/user/node_modules/@rollup/rollup-linux-arm-gnueabihf
51 silly reify mark deleted [ '/home/user/node_modules/@rollup/rollup-linux-arm-gnueabihf' ]
52 verbose reify failed optional dependency /home/user/node_modules/@rollup/rollup-freebsd-x64
53 silly reify mark deleted [ '/home/user/node_modules/@rollup/rollup-freebsd-x64' ]
54 verbose reify failed optional dependency /home/user/node_modules/@rollup/rollup-freebsd-arm64
55 silly reify mark deleted [ '/home/user/node_modules/@rollup/rollup-freebsd-arm64' ]
56 verbose reify failed optional dependency /home/user/node_modules/@rollup/rollup-darwin-x64
57 silly reify mark deleted [ '/home/user/node_modules/@rollup/rollup-darwin-x64' ]
58 verbose reify failed optional dependency /home/user/node_modules/@rollup/rollup-darwin-arm64
59 silly reify mark deleted [ '/home/user/node_modules/@rollup/rollup-darwin-arm64' ]
60 verbose reify failed optional dependency /home/user/node_modules/@rollup/rollup-android-arm64
61 silly reify mark deleted [ '/home/user/node_modules/@rollup/rollup-android-arm64' ]
62 verbose reify failed optional dependency /home/user/node_modules/@rollup/rollup-android-arm-eabi
63 silly reify mark deleted [ '/home/user/node_modules/@rollup/rollup-android-arm-eabi' ]
64 verbose reify failed optional dependency /home/user/node_modules/@esbuild/win32-x64
65 silly reify mark deleted [ '/home/user/node_modules/@esbuild/win32-x64' ]
66 verbose reify failed optional dependency /home/user/node_modules/@esbuild/win32-ia32
67 silly reify mark deleted [ '/home/user/node_modules/@esbuild/win32-ia32' ]
68 verbose reify failed optional dependency /home/user/node_modules/@esbuild/win32-arm64
69 silly reify mark deleted [ '/home/user/node_modules/@esbuild/win32-arm64' ]
70 verbose reify failed optional dependency /home/user/node_modules/@esbuild/sunos-x64
71 silly reify mark deleted [ '/home/user/node_modules/@esbuild/sunos-x64' ]
72 verbose reify failed optional dependency /home/user/node_modules/@esbuild/openharmony-arm64
73 silly reify mark deleted [ '/home/user/node_modules/@esbuild/openharmony-arm64' ]
74 verbose reify failed optional dependency /home/user/node_modules/@esbuild/openbsd-x64
75 silly reify mark deleted [ '/home/user/node_modules/@esbuild/openbsd-x64' ]
76 verbose reify failed optional dependency /home/user/node_modules/@esbuild/openbsd-arm64
77 silly reify mark deleted [ '/home/user/node_modules/@esbuild/openbsd-arm64' ]
78 verbose reify failed optional dependency /home/user/node_modules/@esbuild/netbsd-x64
79 silly reify mark deleted [ '/home/user/node_modules/@esbuild/netbsd-x64' ]
80 verbose reify failed optional dependency /home/user/node_modules/@esbuild/netbsd-arm64
81 silly reify mark deleted [ '/home/user/node_modules/@esbuild/netbsd-arm64' ]
82 verbose reify failed optional dependency /home/user/node_modules/@esbuild/linux-s390x
83 silly reify mark deleted [ '/home/user/node_modules/@esbuild/linux-s390x' ]
84 verbose reify failed optional dependency /home/user/node_modules/@esbuild/linux-riscv64
85 silly reify mark deleted [ '/home/user/node_modules/@esbuild/linux-riscv64' ]
86 verbose reify failed optional dependency /home/user/node_modules/@esbuild/linux-ppc64
87 silly reify mark deleted [ '/home/user/node_modules/@esbuild/linux-ppc64' ]
88 verbose reify failed optional dependency /home/user/node_modules/@esbuild/linux-mips64el
89 silly reify mark deleted [ '/home/user/node_modules/@esbuild/linux-mips64el' ]
90 verbose reify failed optional dependency /home/user/node_modules/@esbuild/linux-loong64
91 silly reify mark deleted [ '/home/user/node_modules/@esbuild/linux-loong64' ]
92 verbose reify failed optional dependency /home/user/node_modules/@esbuild/linux-ia32
93 silly reify mark deleted [ '/home/user/node_modules/@esbuild/linux-ia32' ]
94 verbose reify failed optional dependency /home/user/node_modules/@esbuild/linux-arm64
95 silly reify mark deleted [ '/home/user/node_modules/@esbuild/linux-arm64' ]
96 verbose reify failed optional dependency /home/user/node_modules/@esbuild/linux-arm
97 silly reify mark deleted [ '/home/user/node_modules/@esbuild/linux-arm' ]
98 verbose reify failed optional dependency /home/user/node_modules/@esbuild/freebsd-x64
99 silly reify mark deleted [ '/home/user/node_modules/@esbuild/freebsd-x64' ]
100 verbose reify failed optional dependency /home/user/node_modules/@esbuild/freebsd-arm64
101 silly reify mark deleted [ '/home/user/node_modules/@esbuild/freebsd-arm64' ]
102 verbose reify failed optional dependency /home/user/node_modules/@esbuild/darwin-x64
103 silly reify mark deleted [ '/home/user/node_modules/@esbuild/darwin-x64' ]
104 verbose reify failed optional dependency /home/user/node_modules/@esbuild/darwin-arm64
105 silly reify mark deleted [ '/home/user/node_modules/@esbuild/darwin-arm64' ]
106 verbose reify failed optional dependency /home/user/node_modules/@esbuild/android-x64
107 silly reify mark deleted [ '/home/user/node_modules/@esbuild/android-x64' ]
108 verbose reify failed optional dependency /home/user/node_modules/@esbuild/android-arm64
109 silly reify mark deleted [ '/home/user/node_modules/@esbuild/android-arm64' ]
110 verbose reify failed optional dependency /home/user/node_modules/@esbuild/android-arm
111 silly reify mark deleted [ '/home/user/node_modules/@esbuild/android-arm' ]
112 verbose reify failed optional dependency /home/user/node_modules/@esbuild/aix-ppc64
113 silly reify mark deleted [ '/home/user/node_modules/@esbuild/aix-ppc64' ]
114 http fetch POST 200 https://registry.npmjs.org/-/npm/v1/security/advisories/bulk 235ms
115 silly audit report {}
116 silly ADD
117 silly ADD
118 silly ADD
119 silly ADD
120 silly ADD
121 silly ADD
122 silly ADD
123 silly ADD
124 silly ADD
125 silly ADD
126 silly ADD
127 silly ADD
128 silly ADD
129 silly ADD
130 silly ADD
131 silly ADD
132 silly ADD
133 silly ADD
134 silly ADD
135 silly ADD
136 silly ADD
137 silly ADD
138 silly ADD
139 silly ADD
140 silly ADD
141 silly ADD
142 silly ADD
143 silly ADD
144 silly ADD
145 silly ADD
146 silly ADD
147 silly ADD
148 silly ADD
149 silly ADD
150 silly ADD
151 silly ADD
152 silly ADD
153 silly ADD
154 silly ADD
155 silly ADD
156 silly ADD
157 silly ADD
158 silly ADD
159 silly ADD
160 silly ADD
161 silly ADD
162 silly ADD
163 silly ADD
164 silly ADD
165 verbose cwd /home/user
166 verbose os Linux 6.1.158+
167 verbose node v20.20.2
168 verbose npm  v10.8.2
169 verbose exit 0
170 info ok
