0 verbose cli /usr/bin/node /usr/bin/npm
1 info using npm@10.8.2
2 info using node@v20.20.2
3 silly config load:file:/usr/lib/node_modules/npm/npmrc
4 silly config load:file:/home/user/.npmrc
5 silly config load:file:/usr/etc/npmrc
6 verbose title npm install vitest @testing-library/react @testing-library/jest-dom jsdom
7 verbose argv "install" "--save-dev" "vitest" "@testing-library/react" "@testing-library/jest-dom" "jsdom"
8 verbose logfile logs-max:10 dir:/home/user/.npm/_logs/2026-06-30T18_53_08_623Z-
9 verbose logfile /home/user/.npm/_logs/2026-06-30T18_53_08_623Z-debug-0.log
10 silly packumentCache heap:1002438656 maxSize:250609664 maxEntrySize:125304832
11 silly logfile done cleaning log files
12 silly idealTree buildDeps
13 silly fetch manifest vitest@*
14 silly packumentCache full:https://registry.npmjs.org/vitest cache-miss
15 verbose shrinkwrap failed to load node_modules/.package-lock.json out of date, updated: node_modules
16 http fetch GET 200 https://registry.npmjs.org/vitest 218ms (cache miss)
17 silly packumentCache full:https://registry.npmjs.org/vitest set size:undefined disposed:false
18 silly fetch manifest @edge-runtime/vm@*
19 silly packumentCache full:https://registry.npmjs.org/@edge-runtime%2fvm cache-miss
20 http fetch GET 200 https://registry.npmjs.org/@edge-runtime%2fvm 89ms (cache miss)
21 silly packumentCache full:https://registry.npmjs.org/@edge-runtime%2fvm set size:undefined disposed:false
22 silly fetch manifest @opentelemetry/api@^1.9.0
23 silly packumentCache full:https://registry.npmjs.org/@opentelemetry%2fapi cache-miss
24 http fetch GET 200 https://registry.npmjs.org/@opentelemetry%2fapi 66ms (cache miss)
25 silly packumentCache full:https://registry.npmjs.org/@opentelemetry%2fapi set size:undefined disposed:false
26 silly fetch manifest @types/node@^20.0.0 || ^22.0.0 || >=24.0.0
27 silly packumentCache full:https://registry.npmjs.org/@types%2fnode cache-miss
28 http fetch GET 200 https://registry.npmjs.org/@types%2fnode 29ms (cache hit)
29 silly packumentCache full:https://registry.npmjs.org/@types%2fnode set size:11062724 disposed:false
30 silly fetch manifest @vitest/browser-playwright@4.1.9
31 silly packumentCache full:https://registry.npmjs.org/@vitest%2fbrowser-playwright cache-miss
32 http fetch GET 200 https://registry.npmjs.org/@vitest%2fbrowser-playwright 57ms (cache miss)
33 silly packumentCache full:https://registry.npmjs.org/@vitest%2fbrowser-playwright set size:undefined disposed:false
34 silly fetch manifest playwright@*
35 silly packumentCache full:https://registry.npmjs.org/playwright cache-miss
36 http fetch GET 200 https://registry.npmjs.org/playwright 455ms (cache miss)
37 silly packumentCache full:https://registry.npmjs.org/playwright set size:undefined disposed:false
38 silly fetch manifest @vitest/browser-preview@4.1.9
39 silly packumentCache full:https://registry.npmjs.org/@vitest%2fbrowser-preview cache-miss
40 http fetch GET 200 https://registry.npmjs.org/@vitest%2fbrowser-preview 73ms (cache miss)
41 silly packumentCache full:https://registry.npmjs.org/@vitest%2fbrowser-preview set size:undefined disposed:false
42 silly fetch manifest @vitest/browser-webdriverio@4.1.9
43 silly packumentCache full:https://registry.npmjs.org/@vitest%2fbrowser-webdriverio cache-miss
44 http fetch GET 200 https://registry.npmjs.org/@vitest%2fbrowser-webdriverio 64ms (cache miss)
45 silly packumentCache full:https://registry.npmjs.org/@vitest%2fbrowser-webdriverio set size:undefined disposed:false
46 silly fetch manifest webdriverio@*
47 silly packumentCache full:https://registry.npmjs.org/webdriverio cache-miss
48 http fetch GET 200 https://registry.npmjs.org/webdriverio 113ms (cache miss)
49 silly packumentCache full:https://registry.npmjs.org/webdriverio set size:undefined disposed:false
50 silly fetch manifest puppeteer-core@>=22.x || <=24.x
51 silly packumentCache full:https://registry.npmjs.org/puppeteer-core cache-miss
52 http fetch GET 200 https://registry.npmjs.org/puppeteer-core 74ms (cache miss)
53 silly packumentCache full:https://registry.npmjs.org/puppeteer-core set size:undefined disposed:false
54 silly fetch manifest @vitest/coverage-istanbul@4.1.9
55 silly packumentCache full:https://registry.npmjs.org/@vitest%2fcoverage-istanbul cache-miss
56 http fetch GET 200 https://registry.npmjs.org/@vitest%2fcoverage-istanbul 82ms (cache miss)
57 silly packumentCache full:https://registry.npmjs.org/@vitest%2fcoverage-istanbul set size:undefined disposed:false
58 silly fetch manifest @vitest/coverage-v8@4.1.9
59 silly packumentCache full:https://registry.npmjs.org/@vitest%2fcoverage-v8 cache-miss
60 http fetch GET 200 https://registry.npmjs.org/@vitest%2fcoverage-v8 70ms (cache miss)
61 silly packumentCache full:https://registry.npmjs.org/@vitest%2fcoverage-v8 set size:undefined disposed:false
62 silly fetch manifest @vitest/browser@4.1.9
63 silly packumentCache full:https://registry.npmjs.org/@vitest%2fbrowser cache-miss
64 http fetch GET 200 https://registry.npmjs.org/@vitest%2fbrowser 80ms (cache miss)
65 silly packumentCache full:https://registry.npmjs.org/@vitest%2fbrowser set size:undefined disposed:false
66 silly fetch manifest @vitest/ui@4.1.9
67 silly packumentCache full:https://registry.npmjs.org/@vitest%2fui cache-miss
68 http fetch GET 200 https://registry.npmjs.org/@vitest%2fui 95ms (cache miss)
69 silly packumentCache full:https://registry.npmjs.org/@vitest%2fui set size:undefined disposed:false
70 silly fetch manifest happy-dom@*
71 silly packumentCache full:https://registry.npmjs.org/happy-dom cache-miss
72 http fetch GET 200 https://registry.npmjs.org/happy-dom 108ms (cache miss)
73 silly packumentCache full:https://registry.npmjs.org/happy-dom set size:undefined disposed:false
74 silly fetch manifest jsdom@*
75 silly packumentCache full:https://registry.npmjs.org/jsdom cache-miss
76 http fetch GET 200 https://registry.npmjs.org/jsdom 64ms (cache miss)
77 silly packumentCache full:https://registry.npmjs.org/jsdom set size:undefined disposed:false
78 silly fetch manifest canvas@^3.0.0
79 silly packumentCache full:https://registry.npmjs.org/canvas cache-miss
80 http fetch GET 200 https://registry.npmjs.org/canvas 52ms (cache miss)
81 silly packumentCache full:https://registry.npmjs.org/canvas set size:undefined disposed:false
82 silly fetch manifest @testing-library/react@*
83 silly packumentCache full:https://registry.npmjs.org/@testing-library%2freact cache-miss
84 http fetch GET 200 https://registry.npmjs.org/@testing-library%2freact 78ms (cache miss)
85 silly packumentCache full:https://registry.npmjs.org/@testing-library%2freact set size:undefined disposed:false
86 silly fetch manifest @testing-library/dom@^10.0.0
87 silly packumentCache full:https://registry.npmjs.org/@testing-library%2fdom cache-miss
88 http fetch GET 200 https://registry.npmjs.org/@testing-library%2fdom 93ms (cache miss)
89 silly packumentCache full:https://registry.npmjs.org/@testing-library%2fdom set size:undefined disposed:false
90 silly fetch manifest @types/react@^18.3.12
91 silly packumentCache full:https://registry.npmjs.org/@types%2freact cache-miss
92 http fetch GET 200 https://registry.npmjs.org/@types%2freact 9ms (cache hit)
93 silly packumentCache full:https://registry.npmjs.org/@types%2freact set size:2632776 disposed:false
94 silly fetch manifest @types/react-dom@^18.3.1
95 silly packumentCache full:https://registry.npmjs.org/@types%2freact-dom cache-miss
96 http fetch GET 200 https://registry.npmjs.org/@types%2freact-dom 14ms (cache hit)
97 silly packumentCache full:https://registry.npmjs.org/@types%2freact-dom set size:429026 disposed:false
98 silly fetch manifest react@^18.3.1
99 silly packumentCache full:https://registry.npmjs.org/react cache-miss
100 http fetch GET 200 https://registry.npmjs.org/react 18ms (cache hit)
101 silly packumentCache full:https://registry.npmjs.org/react set size:6751674 disposed:false
102 silly fetch manifest react-dom@^18.3.1
103 silly packumentCache full:https://registry.npmjs.org/react-dom cache-miss
104 http fetch GET 200 https://registry.npmjs.org/react-dom 30ms (cache hit)
105 silly packumentCache full:https://registry.npmjs.org/react-dom set size:9032999 disposed:false
106 silly fetch manifest @testing-library/jest-dom@*
107 silly packumentCache full:https://registry.npmjs.org/@testing-library%2fjest-dom cache-miss
108 http fetch GET 200 https://registry.npmjs.org/@testing-library%2fjest-dom 74ms (cache miss)
109 silly packumentCache full:https://registry.npmjs.org/@testing-library%2fjest-dom set size:undefined disposed:false
110 silly placeDep ROOT @testing-library/jest-dom@6.9.1 OK for: subway-surfers-react@1.0.0 want: *
111 silly placeDep ROOT @testing-library/react@16.3.2 OK for: subway-surfers-react@1.0.0 want: *
112 silly placeDep ROOT @testing-library/dom@10.4.1 OK for: @testing-library/react@16.3.2 want: ^10.0.0
113 silly placeDep ROOT jsdom@29.1.1 OK for: subway-surfers-react@1.0.0 want: *
114 silly placeDep ROOT vitest@4.1.9 OK for: subway-surfers-react@1.0.0 want: *
115 silly fetch manifest redent@^3.0.0
116 silly packumentCache full:https://registry.npmjs.org/redent cache-miss
117 http fetch GET 200 https://registry.npmjs.org/redent 37ms (cache miss)
118 silly packumentCache full:https://registry.npmjs.org/redent set size:undefined disposed:false
119 silly fetch manifest aria-query@^5.0.0
120 silly packumentCache full:https://registry.npmjs.org/aria-query cache-miss
121 http fetch GET 200 https://registry.npmjs.org/aria-query 39ms (cache miss)
122 silly packumentCache full:https://registry.npmjs.org/aria-query set size:undefined disposed:false
123 silly fetch manifest css.escape@^1.5.1
124 silly packumentCache full:https://registry.npmjs.org/css.escape cache-miss
125 http fetch GET 200 https://registry.npmjs.org/css.escape 36ms (cache miss)
126 silly packumentCache full:https://registry.npmjs.org/css.escape set size:undefined disposed:false
127 silly fetch manifest @adobe/css-tools@^4.4.0
128 silly packumentCache full:https://registry.npmjs.org/@adobe%2fcss-tools cache-miss
129 http fetch GET 200 https://registry.npmjs.org/@adobe%2fcss-tools 59ms (cache miss)
130 silly packumentCache full:https://registry.npmjs.org/@adobe%2fcss-tools set size:undefined disposed:false
131 silly fetch manifest dom-accessibility-api@^0.6.3
132 silly packumentCache full:https://registry.npmjs.org/dom-accessibility-api cache-miss
133 http fetch GET 200 https://registry.npmjs.org/dom-accessibility-api 43ms (cache miss)
134 silly packumentCache full:https://registry.npmjs.org/dom-accessibility-api set size:undefined disposed:false
135 silly fetch manifest @babel/runtime@^7.12.5
136 silly packumentCache full:https://registry.npmjs.org/@babel%2fruntime cache-miss
137 http fetch GET 200 https://registry.npmjs.org/@babel%2fruntime 9ms (cache hit)
138 silly packumentCache full:https://registry.npmjs.org/@babel%2fruntime set size:3471810 disposed:false
139 silly fetch manifest lz-string@^1.5.0
140 silly packumentCache full:https://registry.npmjs.org/lz-string cache-miss
141 http fetch GET 200 https://registry.npmjs.org/lz-string 36ms (cache miss)
142 silly packumentCache full:https://registry.npmjs.org/lz-string set size:undefined disposed:false
143 silly fetch manifest aria-query@5.3.0
144 silly packumentCache full:https://registry.npmjs.org/aria-query cache-miss
145 http fetch GET 200 https://registry.npmjs.org/aria-query 3ms (cache hit)
146 silly packumentCache full:https://registry.npmjs.org/aria-query set size:98864 disposed:false
147 silly fetch manifest pretty-format@^27.0.2
148 silly packumentCache full:https://registry.npmjs.org/pretty-format cache-miss
149 http fetch GET 200 https://registry.npmjs.org/pretty-format 63ms (cache miss)
150 silly packumentCache full:https://registry.npmjs.org/pretty-format set size:undefined disposed:false
151 silly fetch manifest @types/aria-query@^5.0.1
152 silly packumentCache full:https://registry.npmjs.org/@types%2faria-query cache-miss
153 http fetch GET 200 https://registry.npmjs.org/@types%2faria-query 58ms (cache miss)
154 silly packumentCache full:https://registry.npmjs.org/@types%2faria-query set size:undefined disposed:false
155 silly fetch manifest dom-accessibility-api@^0.5.9
156 silly packumentCache full:https://registry.npmjs.org/dom-accessibility-api cache-miss
157 http fetch GET 200 https://registry.npmjs.org/dom-accessibility-api 3ms (cache hit)
158 silly packumentCache full:https://registry.npmjs.org/dom-accessibility-api set size:175425 disposed:false
159 silly fetch manifest @asamuzakjp/css-color@^5.1.11
160 silly packumentCache full:https://registry.npmjs.org/@asamuzakjp%2fcss-color cache-miss
161 http fetch GET 200 https://registry.npmjs.org/@asamuzakjp%2fcss-color 62ms (cache miss)
162 silly packumentCache full:https://registry.npmjs.org/@asamuzakjp%2fcss-color set size:undefined disposed:false
163 silly fetch manifest @asamuzakjp/dom-selector@^7.1.1
164 silly packumentCache full:https://registry.npmjs.org/@asamuzakjp%2fdom-selector cache-miss
165 http fetch GET 200 https://registry.npmjs.org/@asamuzakjp%2fdom-selector 74ms (cache miss)
166 silly packumentCache full:https://registry.npmjs.org/@asamuzakjp%2fdom-selector set size:undefined disposed:false
167 silly fetch manifest @bramus/specificity@^2.4.2
168 silly packumentCache full:https://registry.npmjs.org/@bramus%2fspecificity cache-miss
169 http fetch GET 200 https://registry.npmjs.org/@bramus%2fspecificity 68ms (cache miss)
170 silly packumentCache full:https://registry.npmjs.org/@bramus%2fspecificity set size:undefined disposed:false
171 silly fetch manifest @csstools/css-syntax-patches-for-csstree@^1.1.3
172 silly packumentCache full:https://registry.npmjs.org/@csstools%2fcss-syntax-patches-for-csstree cache-miss
173 http fetch GET 200 https://registry.npmjs.org/@csstools%2fcss-syntax-patches-for-csstree 63ms (cache miss)
174 silly packumentCache full:https://registry.npmjs.org/@csstools%2fcss-syntax-patches-for-csstree set size:undefined disposed:false
175 silly fetch manifest @exodus/bytes@^1.15.0
176 silly packumentCache full:https://registry.npmjs.org/@exodus%2fbytes cache-miss
177 http fetch GET 200 https://registry.npmjs.org/@exodus%2fbytes 62ms (cache miss)
178 silly packumentCache full:https://registry.npmjs.org/@exodus%2fbytes set size:undefined disposed:false
179 silly fetch manifest css-tree@^3.2.1
180 silly packumentCache full:https://registry.npmjs.org/css-tree cache-miss
181 http fetch GET 200 https://registry.npmjs.org/css-tree 42ms (cache miss)
182 silly packumentCache full:https://registry.npmjs.org/css-tree set size:undefined disposed:false
183 silly fetch manifest data-urls@^7.0.0
184 silly packumentCache full:https://registry.npmjs.org/data-urls cache-miss
185 http fetch GET 200 https://registry.npmjs.org/data-urls 33ms (cache miss)
186 silly packumentCache full:https://registry.npmjs.org/data-urls set size:undefined disposed:false
187 silly fetch manifest decimal.js@^10.6.0
188 silly packumentCache full:https://registry.npmjs.org/decimal.js cache-miss
189 http fetch GET 200 https://registry.npmjs.org/decimal.js 39ms (cache miss)
190 silly packumentCache full:https://registry.npmjs.org/decimal.js set size:undefined disposed:false
191 silly fetch manifest html-encoding-sniffer@^6.0.0
192 silly packumentCache full:https://registry.npmjs.org/html-encoding-sniffer cache-miss
193 http fetch GET 200 https://registry.npmjs.org/html-encoding-sniffer 51ms (cache miss)
194 silly packumentCache full:https://registry.npmjs.org/html-encoding-sniffer set size:undefined disposed:false
195 silly fetch manifest is-potential-custom-element-name@^1.0.1
196 silly packumentCache full:https://registry.npmjs.org/is-potential-custom-element-name cache-miss
197 http fetch GET 200 https://registry.npmjs.org/is-potential-custom-element-name 39ms (cache miss)
198 silly packumentCache full:https://registry.npmjs.org/is-potential-custom-element-name set size:undefined disposed:false
199 silly fetch manifest lru-cache@^11.3.5
200 silly packumentCache full:https://registry.npmjs.org/lru-cache cache-miss
201 http fetch GET 200 https://registry.npmjs.org/lru-cache 4ms (cache hit)
202 silly packumentCache full:https://registry.npmjs.org/lru-cache set size:456196 disposed:false
203 silly fetch manifest parse5@^8.0.1
204 silly packumentCache full:https://registry.npmjs.org/parse5 cache-miss
205 http fetch GET 200 https://registry.npmjs.org/parse5 40ms (cache miss)
206 silly packumentCache full:https://registry.npmjs.org/parse5 set size:undefined disposed:false
207 silly fetch manifest saxes@^6.0.0
208 silly packumentCache full:https://registry.npmjs.org/saxes cache-miss
209 http fetch GET 200 https://registry.npmjs.org/saxes 42ms (cache miss)
210 silly packumentCache full:https://registry.npmjs.org/saxes set size:undefined disposed:false
211 silly fetch manifest symbol-tree@^3.2.4
212 silly packumentCache full:https://registry.npmjs.org/symbol-tree cache-miss
213 http fetch GET 200 https://registry.npmjs.org/symbol-tree 32ms (cache miss)
214 silly packumentCache full:https://registry.npmjs.org/symbol-tree set size:undefined disposed:false
215 silly fetch manifest tough-cookie@^6.0.1
216 silly packumentCache full:https://registry.npmjs.org/tough-cookie cache-miss
217 http fetch GET 200 https://registry.npmjs.org/tough-cookie 36ms (cache miss)
218 silly packumentCache full:https://registry.npmjs.org/tough-cookie set size:undefined disposed:false
219 silly fetch manifest undici@^7.25.0
220 silly packumentCache full:https://registry.npmjs.org/undici cache-miss
221 http fetch GET 200 https://registry.npmjs.org/undici 81ms (cache miss)
222 silly packumentCache full:https://registry.npmjs.org/undici set size:undefined disposed:false
223 silly fetch manifest w3c-xmlserializer@^5.0.0
224 silly packumentCache full:https://registry.npmjs.org/w3c-xmlserializer cache-miss
225 http fetch GET 200 https://registry.npmjs.org/w3c-xmlserializer 46ms (cache miss)
226 silly packumentCache full:https://registry.npmjs.org/w3c-xmlserializer set size:undefined disposed:false
227 silly fetch manifest webidl-conversions@^8.0.1
228 silly packumentCache full:https://registry.npmjs.org/webidl-conversions cache-miss
229 http fetch GET 200 https://registry.npmjs.org/webidl-conversions 38ms (cache miss)
230 silly packumentCache full:https://registry.npmjs.org/webidl-conversions set size:undefined disposed:false
231 silly fetch manifest whatwg-mimetype@^5.0.0
232 silly packumentCache full:https://registry.npmjs.org/whatwg-mimetype cache-miss
233 http fetch GET 200 https://registry.npmjs.org/whatwg-mimetype 34ms (cache miss)
234 silly packumentCache full:https://registry.npmjs.org/whatwg-mimetype set size:undefined disposed:false
235 silly fetch manifest whatwg-url@^16.0.1
236 silly packumentCache full:https://registry.npmjs.org/whatwg-url cache-miss
237 http fetch GET 200 https://registry.npmjs.org/whatwg-url 37ms (cache miss)
238 silly packumentCache full:https://registry.npmjs.org/whatwg-url set size:undefined disposed:false
239 silly fetch manifest xml-name-validator@^5.0.0
240 silly packumentCache full:https://registry.npmjs.org/xml-name-validator cache-miss
241 http fetch GET 200 https://registry.npmjs.org/xml-name-validator 36ms (cache miss)
242 silly packumentCache full:https://registry.npmjs.org/xml-name-validator set size:undefined disposed:false
243 silly fetch manifest obug@^2.1.1
244 silly packumentCache full:https://registry.npmjs.org/obug cache-miss
245 http fetch GET 200 https://registry.npmjs.org/obug 34ms (cache miss)
246 silly packumentCache full:https://registry.npmjs.org/obug set size:undefined disposed:false
247 silly fetch manifest pathe@^2.0.3
248 silly packumentCache full:https://registry.npmjs.org/pathe cache-miss
249 http fetch GET 200 https://registry.npmjs.org/pathe 35ms (cache miss)
250 silly packumentCache full:https://registry.npmjs.org/pathe set size:undefined disposed:false
251 silly fetch manifest std-env@^4.0.0-rc.1
252 silly packumentCache full:https://registry.npmjs.org/std-env cache-miss
253 http fetch GET 200 https://registry.npmjs.org/std-env 37ms (cache miss)
254 silly packumentCache full:https://registry.npmjs.org/std-env set size:undefined disposed:false
255 silly fetch manifest tinyexec@^1.0.2
256 silly packumentCache full:https://registry.npmjs.org/tinyexec cache-miss
257 http fetch GET 200 https://registry.npmjs.org/tinyexec 35ms (cache miss)
258 silly packumentCache full:https://registry.npmjs.org/tinyexec set size:undefined disposed:false
259 silly fetch manifest tinybench@^2.9.0
260 silly packumentCache full:https://registry.npmjs.org/tinybench cache-miss
261 http fetch GET 200 https://registry.npmjs.org/tinybench 39ms (cache miss)
262 silly packumentCache full:https://registry.npmjs.org/tinybench set size:undefined disposed:false
263 silly fetch manifest @vitest/spy@4.1.9
264 silly packumentCache full:https://registry.npmjs.org/@vitest%2fspy cache-miss
265 http fetch GET 200 https://registry.npmjs.org/@vitest%2fspy 68ms (cache miss)
266 silly packumentCache full:https://registry.npmjs.org/@vitest%2fspy set size:undefined disposed:false
267 silly fetch manifest expect-type@^1.3.0
268 silly packumentCache full:https://registry.npmjs.org/expect-type cache-miss
269 http fetch GET 200 https://registry.npmjs.org/expect-type 44ms (cache miss)
270 silly packumentCache full:https://registry.npmjs.org/expect-type set size:undefined disposed:false
271 silly fetch manifest tinyrainbow@^3.1.0
272 silly packumentCache full:https://registry.npmjs.org/tinyrainbow cache-miss
273 http fetch GET 200 https://registry.npmjs.org/tinyrainbow 43ms (cache miss)
274 silly packumentCache full:https://registry.npmjs.org/tinyrainbow set size:undefined disposed:false
275 silly fetch manifest magic-string@^0.30.21
276 silly packumentCache full:https://registry.npmjs.org/magic-string cache-miss
277 http fetch GET 200 https://registry.npmjs.org/magic-string 43ms (cache miss)
278 silly packumentCache full:https://registry.npmjs.org/magic-string set size:undefined disposed:false
279 silly fetch manifest @vitest/utils@4.1.9
280 silly packumentCache full:https://registry.npmjs.org/@vitest%2futils cache-miss
281 http fetch GET 200 https://registry.npmjs.org/@vitest%2futils 76ms (cache miss)
282 silly packumentCache full:https://registry.npmjs.org/@vitest%2futils set size:undefined disposed:false
283 silly fetch manifest @vitest/expect@4.1.9
284 silly packumentCache full:https://registry.npmjs.org/@vitest%2fexpect cache-miss
285 http fetch GET 200 https://registry.npmjs.org/@vitest%2fexpect 86ms (cache miss)
286 silly packumentCache full:https://registry.npmjs.org/@vitest%2fexpect set size:undefined disposed:false
287 silly fetch manifest @vitest/mocker@4.1.9
288 silly packumentCache full:https://registry.npmjs.org/@vitest%2fmocker cache-miss
289 http fetch GET 200 https://registry.npmjs.org/@vitest%2fmocker 71ms (cache miss)
290 silly packumentCache full:https://registry.npmjs.org/@vitest%2fmocker set size:undefined disposed:false
291 silly fetch manifest @vitest/runner@4.1.9
292 silly packumentCache full:https://registry.npmjs.org/@vitest%2frunner cache-miss
293 http fetch GET 200 https://registry.npmjs.org/@vitest%2frunner 67ms (cache miss)
294 silly packumentCache full:https://registry.npmjs.org/@vitest%2frunner set size:undefined disposed:false
295 silly fetch manifest es-module-lexer@^2.0.0
296 silly packumentCache full:https://registry.npmjs.org/es-module-lexer cache-miss
297 http fetch GET 200 https://registry.npmjs.org/es-module-lexer 47ms (cache miss)
298 silly packumentCache full:https://registry.npmjs.org/es-module-lexer set size:undefined disposed:false
299 silly fetch manifest @vitest/snapshot@4.1.9
300 silly packumentCache full:https://registry.npmjs.org/@vitest%2fsnapshot cache-miss
301 http fetch GET 200 https://registry.npmjs.org/@vitest%2fsnapshot 65ms (cache miss)
302 silly packumentCache full:https://registry.npmjs.org/@vitest%2fsnapshot set size:undefined disposed:false
303 silly fetch manifest why-is-node-running@^2.3.0
304 silly packumentCache full:https://registry.npmjs.org/why-is-node-running cache-miss
305 http fetch GET 200 https://registry.npmjs.org/why-is-node-running 38ms (cache miss)
306 silly packumentCache full:https://registry.npmjs.org/why-is-node-running set size:undefined disposed:false
307 silly fetch manifest @vitest/pretty-format@4.1.9
308 silly packumentCache full:https://registry.npmjs.org/@vitest%2fpretty-format cache-miss
309 http fetch GET 200 https://registry.npmjs.org/@vitest%2fpretty-format 61ms (cache miss)
310 silly packumentCache full:https://registry.npmjs.org/@vitest%2fpretty-format set size:undefined disposed:false
311 silly placeDep ROOT @babel/runtime@7.29.7 OK for: @testing-library/dom@10.4.1 want: ^7.12.5
312 silly placeDep ROOT @types/aria-query@5.0.4 OK for: @testing-library/dom@10.4.1 want: ^5.0.1
313 silly placeDep ROOT aria-query@5.3.0 OK for: @testing-library/dom@10.4.1 want: 5.3.0
314 silly placeDep ROOT dom-accessibility-api@0.5.16 OK for: @testing-library/dom@10.4.1 want: ^0.5.9
315 silly placeDep ROOT lz-string@1.5.0 OK for: @testing-library/dom@10.4.1 want: ^1.5.0
316 silly placeDep ROOT pretty-format@27.5.1 OK for: @testing-library/dom@10.4.1 want: ^27.0.2
317 silly fetch manifest dequal@^2.0.3
318 silly packumentCache full:https://registry.npmjs.org/dequal cache-miss
319 http fetch GET 200 https://registry.npmjs.org/dequal 38ms (cache miss)
320 silly packumentCache full:https://registry.npmjs.org/dequal set size:undefined disposed:false
321 silly fetch manifest react-is@^17.0.1
322 silly packumentCache full:https://registry.npmjs.org/react-is cache-miss
323 http fetch GET 200 https://registry.npmjs.org/react-is 185ms (cache miss)
324 silly packumentCache full:https://registry.npmjs.org/react-is set size:undefined disposed:false
325 silly fetch manifest ansi-regex@^5.0.1
326 silly packumentCache full:https://registry.npmjs.org/ansi-regex cache-miss
327 http fetch GET 200 https://registry.npmjs.org/ansi-regex 51ms (cache miss)
328 silly packumentCache full:https://registry.npmjs.org/ansi-regex set size:undefined disposed:false
329 silly fetch manifest ansi-styles@^5.0.0
330 silly packumentCache full:https://registry.npmjs.org/ansi-styles cache-miss
331 http fetch GET 200 https://registry.npmjs.org/ansi-styles 38ms (cache miss)
332 silly packumentCache full:https://registry.npmjs.org/ansi-styles set size:undefined disposed:false
333 silly placeDep ROOT @adobe/css-tools@4.5.0 OK for: @testing-library/jest-dom@6.9.1 want: ^4.4.0
334 silly placeDep ROOT css.escape@1.5.1 OK for: @testing-library/jest-dom@6.9.1 want: ^1.5.1
335 silly placeDep node_modules/@testing-library/jest-dom dom-accessibility-api@0.6.3 OK for: @testing-library/jest-dom@6.9.1 want: ^0.6.3
336 silly placeDep ROOT redent@3.0.0 OK for: @testing-library/jest-dom@6.9.1 want: ^3.0.0
337 silly fetch manifest indent-string@^4.0.0
338 silly packumentCache full:https://registry.npmjs.org/indent-string cache-miss
339 http fetch GET 200 https://registry.npmjs.org/indent-string 38ms (cache miss)
340 silly packumentCache full:https://registry.npmjs.org/indent-string set size:undefined disposed:false
341 silly fetch manifest strip-indent@^3.0.0
342 silly packumentCache full:https://registry.npmjs.org/strip-indent cache-miss
343 http fetch GET 200 https://registry.npmjs.org/strip-indent 39ms (cache miss)
344 silly packumentCache full:https://registry.npmjs.org/strip-indent set size:undefined disposed:false
345 silly placeDep ROOT dequal@2.0.3 OK for: aria-query@5.3.0 want: ^2.0.3
346 silly fetch manifest @noble/hashes@^1.8.0 || ^2.0.0
347 silly packumentCache full:https://registry.npmjs.org/@noble%2fhashes cache-miss
348 http fetch GET 200 https://registry.npmjs.org/@noble%2fhashes 62ms (cache miss)
349 silly packumentCache full:https://registry.npmjs.org/@noble%2fhashes set size:undefined disposed:false
350 silly placeDep ROOT @asamuzakjp/css-color@5.1.11 OK for: jsdom@29.1.1 want: ^5.1.11
351 silly placeDep ROOT @asamuzakjp/dom-selector@7.1.1 OK for: jsdom@29.1.1 want: ^7.1.1
352 silly placeDep ROOT @bramus/specificity@2.4.2 OK for: jsdom@29.1.1 want: ^2.4.2
353 silly placeDep ROOT @csstools/css-syntax-patches-for-csstree@1.1.6 OK for: jsdom@29.1.1 want: ^1.1.3
354 silly placeDep ROOT @exodus/bytes@1.15.1 OK for: jsdom@29.1.1 want: ^1.15.0
355 silly placeDep ROOT css-tree@3.2.1 OK for: jsdom@29.1.1 want: ^3.2.1
356 silly placeDep ROOT data-urls@7.0.0 OK for: jsdom@29.1.1 want: ^7.0.0
357 silly placeDep ROOT decimal.js@10.6.0 OK for: jsdom@29.1.1 want: ^10.6.0
358 silly placeDep ROOT html-encoding-sniffer@6.0.0 OK for: jsdom@29.1.1 want: ^6.0.0
359 silly placeDep ROOT is-potential-custom-element-name@1.0.1 OK for: jsdom@29.1.1 want: ^1.0.1
360 silly placeDep node_modules/jsdom lru-cache@11.5.1 OK for: jsdom@29.1.1 want: ^11.3.5
361 silly placeDep ROOT parse5@8.0.1 OK for: jsdom@29.1.1 want: ^8.0.1
362 silly placeDep ROOT saxes@6.0.0 OK for: jsdom@29.1.1 want: ^6.0.0
363 silly placeDep ROOT symbol-tree@3.2.4 OK for: jsdom@29.1.1 want: ^3.2.4
364 silly placeDep ROOT tough-cookie@6.0.1 OK for: jsdom@29.1.1 want: ^6.0.1
365 silly placeDep ROOT undici@7.28.0 OK for: jsdom@29.1.1 want: ^7.25.0
366 silly placeDep ROOT w3c-xmlserializer@5.0.0 OK for: jsdom@29.1.1 want: ^5.0.0
367 silly placeDep ROOT webidl-conversions@8.0.1 OK for: jsdom@29.1.1 want: ^8.0.1
368 silly placeDep ROOT whatwg-mimetype@5.0.0 OK for: jsdom@29.1.1 want: ^5.0.0
369 silly placeDep ROOT whatwg-url@16.0.1 OK for: jsdom@29.1.1 want: ^16.0.1
370 silly placeDep ROOT xml-name-validator@5.0.0 OK for: jsdom@29.1.1 want: ^5.0.0
371 silly fetch manifest @csstools/css-calc@^3.2.0
372 silly packumentCache full:https://registry.npmjs.org/@csstools%2fcss-calc cache-miss
373 http fetch GET 200 https://registry.npmjs.org/@csstools%2fcss-calc 61ms (cache miss)
374 silly packumentCache full:https://registry.npmjs.org/@csstools%2fcss-calc set size:undefined disposed:false
375 silly fetch manifest @csstools/css-tokenizer@^4.0.0
376 silly packumentCache full:https://registry.npmjs.org/@csstools%2fcss-tokenizer cache-miss
377 http fetch GET 200 https://registry.npmjs.org/@csstools%2fcss-tokenizer 54ms (cache miss)
378 silly packumentCache full:https://registry.npmjs.org/@csstools%2fcss-tokenizer set size:undefined disposed:false
379 silly fetch manifest @csstools/css-color-parser@^4.1.0
380 silly packumentCache full:https://registry.npmjs.org/@csstools%2fcss-color-parser cache-miss
381 http fetch GET 200 https://registry.npmjs.org/@csstools%2fcss-color-parser 60ms (cache miss)
382 silly packumentCache full:https://registry.npmjs.org/@csstools%2fcss-color-parser set size:undefined disposed:false
383 silly fetch manifest @asamuzakjp/generational-cache@^1.0.1
384 silly packumentCache full:https://registry.npmjs.org/@asamuzakjp%2fgenerational-cache cache-miss
385 http fetch GET 200 https://registry.npmjs.org/@asamuzakjp%2fgenerational-cache 72ms (cache miss)
386 silly packumentCache full:https://registry.npmjs.org/@asamuzakjp%2fgenerational-cache set size:undefined disposed:false
387 silly fetch manifest @csstools/css-parser-algorithms@^4.0.0
388 silly packumentCache full:https://registry.npmjs.org/@csstools%2fcss-parser-algorithms cache-miss
389 http fetch GET 200 https://registry.npmjs.org/@csstools%2fcss-parser-algorithms 73ms (cache miss)
390 silly packumentCache full:https://registry.npmjs.org/@csstools%2fcss-parser-algorithms set size:undefined disposed:false
391 silly fetch manifest bidi-js@^1.0.3
392 silly packumentCache full:https://registry.npmjs.org/bidi-js cache-miss
393 http fetch GET 200 https://registry.npmjs.org/bidi-js 42ms (cache miss)
394 silly packumentCache full:https://registry.npmjs.org/bidi-js set size:undefined disposed:false
395 silly fetch manifest @asamuzakjp/nwsapi@^2.3.9
396 silly packumentCache full:https://registry.npmjs.org/@asamuzakjp%2fnwsapi cache-miss
397 http fetch GET 200 https://registry.npmjs.org/@asamuzakjp%2fnwsapi 63ms (cache miss)
398 silly packumentCache full:https://registry.npmjs.org/@asamuzakjp%2fnwsapi set size:undefined disposed:false
399 silly fetch manifest css-tree@^3.0.0
400 silly packumentCache full:https://registry.npmjs.org/css-tree cache-miss
401 http fetch GET 200 https://registry.npmjs.org/css-tree 5ms (cache hit)
402 silly packumentCache full:https://registry.npmjs.org/css-tree set size:229638 disposed:false
403 silly fetch manifest mdn-data@2.27.1
404 silly packumentCache full:https://registry.npmjs.org/mdn-data cache-miss
405 http fetch GET 200 https://registry.npmjs.org/mdn-data 43ms (cache miss)
406 silly packumentCache full:https://registry.npmjs.org/mdn-data set size:undefined disposed:false
407 silly fetch manifest whatwg-url@^16.0.0
408 silly packumentCache full:https://registry.npmjs.org/whatwg-url cache-miss
409 http fetch GET 200 https://registry.npmjs.org/whatwg-url 8ms (cache hit)
410 silly packumentCache full:https://registry.npmjs.org/whatwg-url set size:173624 disposed:false
411 silly fetch manifest entities@^8.0.0
412 silly packumentCache full:https://registry.npmjs.org/entities cache-miss
413 http fetch GET 200 https://registry.npmjs.org/entities 39ms (cache miss)
414 silly packumentCache full:https://registry.npmjs.org/entities set size:undefined disposed:false
415 silly fetch manifest xmlchars@^2.2.0
416 silly packumentCache full:https://registry.npmjs.org/xmlchars cache-miss
417 http fetch GET 200 https://registry.npmjs.org/xmlchars 40ms (cache miss)
418 silly packumentCache full:https://registry.npmjs.org/xmlchars set size:undefined disposed:false
419 silly fetch manifest tldts@^7.0.5
420 silly packumentCache full:https://registry.npmjs.org/tldts cache-miss
421 http fetch GET 200 https://registry.npmjs.org/tldts 112ms (cache miss)
422 silly packumentCache full:https://registry.npmjs.org/tldts set size:undefined disposed:false
423 silly fetch manifest tr46@^6.0.0
424 silly packumentCache full:https://registry.npmjs.org/tr46 cache-miss
425 http fetch GET 200 https://registry.npmjs.org/tr46 46ms (cache miss)
426 silly packumentCache full:https://registry.npmjs.org/tr46 set size:undefined disposed:false
427 silly placeDep ROOT @asamuzakjp/generational-cache@1.0.1 OK for: @asamuzakjp/css-color@5.1.11 want: ^1.0.1
428 silly placeDep ROOT @csstools/css-calc@3.2.1 OK for: @asamuzakjp/css-color@5.1.11 want: ^3.2.0
429 silly placeDep ROOT @csstools/css-parser-algorithms@4.0.0 OK for: @csstools/css-calc@3.2.1 want: ^4.0.0
430 silly placeDep ROOT @csstools/css-tokenizer@4.0.0 OK for: @csstools/css-parser-algorithms@4.0.0 want: ^4.0.0
431 silly placeDep ROOT @csstools/css-color-parser@4.1.9 OK for: @asamuzakjp/css-color@5.1.11 want: ^4.1.0
432 silly fetch manifest @csstools/color-helpers@^6.1.0
433 silly packumentCache full:https://registry.npmjs.org/@csstools%2fcolor-helpers cache-miss
434 http fetch GET 200 https://registry.npmjs.org/@csstools%2fcolor-helpers 67ms (cache miss)
435 silly packumentCache full:https://registry.npmjs.org/@csstools%2fcolor-helpers set size:undefined disposed:false
436 silly placeDep ROOT @asamuzakjp/nwsapi@2.3.9 OK for: @asamuzakjp/dom-selector@7.1.1 want: ^2.3.9
437 silly placeDep ROOT bidi-js@1.0.3 OK for: @asamuzakjp/dom-selector@7.1.1 want: ^1.0.3
438 silly fetch manifest require-from-string@^2.0.2
439 silly packumentCache full:https://registry.npmjs.org/require-from-string cache-miss
440 http fetch GET 200 https://registry.npmjs.org/require-from-string 43ms (cache miss)
441 silly packumentCache full:https://registry.npmjs.org/require-from-string set size:undefined disposed:false
442 silly placeDep ROOT @csstools/color-helpers@6.1.0 OK for: @csstools/css-color-parser@4.1.9 want: ^6.1.0
443 silly placeDep ROOT require-from-string@2.0.2 OK for: bidi-js@1.0.3 want: ^2.0.2
444 silly placeDep ROOT mdn-data@2.27.1 OK for: css-tree@3.2.1 want: 2.27.1
445 silly placeDep ROOT entities@8.0.0 OK for: parse5@8.0.1 want: ^8.0.0
446 silly placeDep ROOT ansi-regex@5.0.1 OK for: pretty-format@27.5.1 want: ^5.0.1
447 silly placeDep ROOT ansi-styles@5.2.0 OK for: pretty-format@27.5.1 want: ^5.0.0
448 silly placeDep ROOT react-is@17.0.2 OK for: pretty-format@27.5.1 want: ^17.0.1
449 silly placeDep ROOT indent-string@4.0.0 OK for: redent@3.0.0 want: ^4.0.0
450 silly placeDep ROOT strip-indent@3.0.0 OK for: redent@3.0.0 want: ^3.0.0
451 silly fetch manifest min-indent@^1.0.0
452 silly packumentCache full:https://registry.npmjs.org/min-indent cache-miss
453 http fetch GET 200 https://registry.npmjs.org/min-indent 33ms (cache miss)
454 silly packumentCache full:https://registry.npmjs.org/min-indent set size:undefined disposed:false
455 silly placeDep ROOT xmlchars@2.2.0 OK for: saxes@6.0.0 want: ^2.2.0
456 silly placeDep ROOT min-indent@1.0.1 OK for: strip-indent@3.0.0 want: ^1.0.0
457 silly placeDep ROOT tldts@7.4.5 OK for: tough-cookie@6.0.1 want: ^7.0.5
458 silly fetch manifest tldts-core@^7.4.5
459 silly packumentCache full:https://registry.npmjs.org/tldts-core cache-miss
460 http fetch GET 200 https://registry.npmjs.org/tldts-core 119ms (cache miss)
461 silly packumentCache full:https://registry.npmjs.org/tldts-core set size:undefined disposed:false
462 silly placeDep ROOT tldts-core@7.4.5 OK for: tldts@7.4.5 want: ^7.4.5
463 silly fetch manifest msw@^2.4.9
464 silly packumentCache full:https://registry.npmjs.org/msw cache-miss
465 http fetch GET 200 https://registry.npmjs.org/msw 104ms (cache miss)
466 silly packumentCache full:https://registry.npmjs.org/msw set size:undefined disposed:false
467 silly fetch manifest typescript@>= 4.8.x
468 silly packumentCache full:https://registry.npmjs.org/typescript cache-miss
469 http fetch GET 200 https://registry.npmjs.org/typescript 38ms (cache hit)
470 silly packumentCache full:https://registry.npmjs.org/typescript set size:15410956 disposed:false
471 silly fetch manifest vite@^6.0.0 || ^7.0.0 || ^8.0.0
472 silly packumentCache full:https://registry.npmjs.org/vite cache-miss
473 http fetch GET 200 https://registry.npmjs.org/vite 98ms (cache hit)
474 silly packumentCache full:https://registry.npmjs.org/vite set size:38891641 disposed:false
475 silly fetch manifest @vitejs/devtools@^0.3.0
476 silly packumentCache full:https://registry.npmjs.org/@vitejs%2fdevtools cache-miss
477 http fetch GET 200 https://registry.npmjs.org/@vitejs%2fdevtools 4ms (cache hit)
478 silly packumentCache full:https://registry.npmjs.org/@vitejs%2fdevtools set size:222689 disposed:false
479 silly fetch manifest esbuild@^0.27.0 || ^0.28.0
480 silly packumentCache full:https://registry.npmjs.org/esbuild cache-miss
481 http fetch GET 200 https://registry.npmjs.org/esbuild 5ms (cache hit)
482 silly packumentCache full:https://registry.npmjs.org/esbuild set size:1259608 disposed:false
483 silly fetch manifest jiti@>=1.21.0
484 silly packumentCache full:https://registry.npmjs.org/jiti cache-miss
485 http fetch GET 200 https://registry.npmjs.org/jiti 4ms (cache hit)
486 silly packumentCache full:https://registry.npmjs.org/jiti set size:387989 disposed:false
487 silly fetch manifest less@^4.0.0
488 silly packumentCache full:https://registry.npmjs.org/less cache-miss
489 http fetch GET 200 https://registry.npmjs.org/less 4ms (cache hit)
490 silly packumentCache full:https://registry.npmjs.org/less set size:476819 disposed:false
491 silly fetch manifest sass@^1.70.0
492 silly packumentCache full:https://registry.npmjs.org/sass cache-miss
493 http fetch GET 200 https://registry.npmjs.org/sass 7ms (cache hit)
494 silly packumentCache full:https://registry.npmjs.org/sass set size:730445 disposed:false
495 silly fetch manifest sass-embedded@^1.70.0
496 silly packumentCache full:https://registry.npmjs.org/sass-embedded cache-miss
497 http fetch GET 200 https://registry.npmjs.org/sass-embedded 5ms (cache hit)
498 silly packumentCache full:https://registry.npmjs.org/sass-embedded set size:419718 disposed:false
499 silly fetch manifest stylus@>=0.54.8
500 silly packumentCache full:https://registry.npmjs.org/stylus cache-miss
501 http fetch GET 200 https://registry.npmjs.org/stylus 6ms (cache hit)
502 silly packumentCache full:https://registry.npmjs.org/stylus set size:286766 disposed:false
503 silly fetch manifest sugarss@^5.0.0
504 silly packumentCache full:https://registry.npmjs.org/sugarss cache-miss
505 http fetch GET 200 https://registry.npmjs.org/sugarss 3ms (cache hit)
506 silly packumentCache full:https://registry.npmjs.org/sugarss set size:44975 disposed:false
507 silly fetch manifest postcss@^8.3.3
508 silly packumentCache full:https://registry.npmjs.org/postcss cache-miss
509 http fetch GET 200 https://registry.npmjs.org/postcss 3ms (cache hit)
510 silly packumentCache full:https://registry.npmjs.org/postcss set size:726591 disposed:false
511 silly fetch manifest terser@^5.16.0
512 silly packumentCache full:https://registry.npmjs.org/terser cache-miss
513 http fetch GET 200 https://registry.npmjs.org/terser 8ms (cache hit)
514 silly packumentCache full:https://registry.npmjs.org/terser set size:803566 disposed:false
515 silly fetch manifest tsx@^4.8.1
516 silly packumentCache full:https://registry.npmjs.org/tsx cache-miss
517 http fetch GET 200 https://registry.npmjs.org/tsx 2ms (cache hit)
518 silly packumentCache full:https://registry.npmjs.org/tsx set size:304668 disposed:false
519 silly fetch manifest yaml@^2.4.2
520 silly packumentCache full:https://registry.npmjs.org/yaml cache-miss
521 http fetch GET 200 https://registry.npmjs.org/yaml 3ms (cache hit)
522 silly packumentCache full:https://registry.npmjs.org/yaml set size:385754 disposed:false
523 silly placeDep ROOT @vitest/expect@4.1.9 OK for: vitest@4.1.9 want: 4.1.9
524 silly placeDep ROOT @vitest/mocker@4.1.9 OK for: vitest@4.1.9 want: 4.1.9
525 silly placeDep ROOT @vitest/pretty-format@4.1.9 OK for: vitest@4.1.9 want: 4.1.9
526 silly placeDep ROOT @vitest/runner@4.1.9 OK for: vitest@4.1.9 want: 4.1.9
527 silly placeDep ROOT @vitest/snapshot@4.1.9 OK for: vitest@4.1.9 want: 4.1.9
528 silly placeDep ROOT @vitest/spy@4.1.9 OK for: vitest@4.1.9 want: 4.1.9
529 silly placeDep ROOT @vitest/utils@4.1.9 OK for: vitest@4.1.9 want: 4.1.9
530 silly placeDep ROOT es-module-lexer@2.2.0 OK for: vitest@4.1.9 want: ^2.0.0
531 silly placeDep ROOT expect-type@1.4.0 OK for: vitest@4.1.9 want: ^1.3.0
532 silly placeDep ROOT magic-string@0.30.21 OK for: vitest@4.1.9 want: ^0.30.21
533 silly placeDep ROOT obug@2.1.3 OK for: vitest@4.1.9 want: ^2.1.1
534 silly placeDep ROOT pathe@2.0.3 OK for: vitest@4.1.9 want: ^2.0.3
535 silly placeDep ROOT std-env@4.1.0 OK for: vitest@4.1.9 want: ^4.0.0-rc.1
536 silly placeDep ROOT tinybench@2.9.0 OK for: vitest@4.1.9 want: ^2.9.0
537 silly placeDep ROOT tinyexec@1.2.4 OK for: vitest@4.1.9 want: ^1.0.2
538 silly placeDep ROOT tinyrainbow@3.1.0 OK for: vitest@4.1.9 want: ^3.1.0
539 silly placeDep ROOT why-is-node-running@2.3.0 OK for: vitest@4.1.9 want: ^2.3.0
540 silly fetch manifest chai@^6.2.2
541 silly packumentCache full:https://registry.npmjs.org/chai cache-miss
542 http fetch GET 200 https://registry.npmjs.org/chai 45ms (cache miss)
543 silly packumentCache full:https://registry.npmjs.org/chai set size:undefined disposed:false
544 silly fetch manifest @types/chai@^5.2.2
545 silly packumentCache full:https://registry.npmjs.org/@types%2fchai cache-miss
546 http fetch GET 200 https://registry.npmjs.org/@types%2fchai 53ms (cache miss)
547 silly packumentCache full:https://registry.npmjs.org/@types%2fchai set size:undefined disposed:false
548 silly fetch manifest @standard-schema/spec@^1.1.0
549 silly packumentCache full:https://registry.npmjs.org/@standard-schema%2fspec cache-miss
550 http fetch GET 200 https://registry.npmjs.org/@standard-schema%2fspec 52ms (cache miss)
551 silly packumentCache full:https://registry.npmjs.org/@standard-schema%2fspec set size:undefined disposed:false
552 silly fetch manifest estree-walker@^3.0.3
553 silly packumentCache full:https://registry.npmjs.org/estree-walker cache-miss
554 http fetch GET 200 https://registry.npmjs.org/estree-walker 38ms (cache miss)
555 silly packumentCache full:https://registry.npmjs.org/estree-walker set size:undefined disposed:false
556 silly fetch manifest siginfo@^2.0.0
557 silly packumentCache full:https://registry.npmjs.org/siginfo cache-miss
558 http fetch GET 200 https://registry.npmjs.org/siginfo 39ms (cache miss)
559 silly packumentCache full:https://registry.npmjs.org/siginfo set size:undefined disposed:false
560 silly fetch manifest stackback@0.0.2
561 silly packumentCache full:https://registry.npmjs.org/stackback cache-miss
562 http fetch GET 200 https://registry.npmjs.org/stackback 33ms (cache miss)
563 silly packumentCache full:https://registry.npmjs.org/stackback set size:undefined disposed:false
564 silly placeDep ROOT @standard-schema/spec@1.1.0 OK for: @vitest/expect@4.1.9 want: ^1.1.0
565 silly placeDep ROOT @types/chai@5.2.3 OK for: @vitest/expect@4.1.9 want: ^5.2.2
566 silly placeDep ROOT chai@6.2.2 OK for: @vitest/expect@4.1.9 want: ^6.2.2
567 silly fetch manifest @types/deep-eql@*
568 silly packumentCache full:https://registry.npmjs.org/@types%2fdeep-eql cache-miss
569 http fetch GET 200 https://registry.npmjs.org/@types%2fdeep-eql 49ms (cache miss)
570 silly packumentCache full:https://registry.npmjs.org/@types%2fdeep-eql set size:undefined disposed:false
571 silly fetch manifest assertion-error@^2.0.1
572 silly packumentCache full:https://registry.npmjs.org/assertion-error cache-miss
573 http fetch GET 200 https://registry.npmjs.org/assertion-error 38ms (cache miss)
574 silly packumentCache full:https://registry.npmjs.org/assertion-error set size:undefined disposed:false
575 silly placeDep ROOT @types/deep-eql@4.0.2 OK for: @types/chai@5.2.3 want: *
576 silly placeDep ROOT assertion-error@2.0.1 OK for: @types/chai@5.2.3 want: ^2.0.1
577 silly placeDep ROOT estree-walker@3.0.3 OK for: @vitest/mocker@4.1.9 want: ^3.0.3
578 silly placeDep ROOT tr46@6.0.0 OK for: whatwg-url@16.0.1 want: ^6.0.0
579 silly fetch manifest punycode@^2.3.1
580 silly packumentCache full:https://registry.npmjs.org/punycode cache-miss
581 http fetch GET 200 https://registry.npmjs.org/punycode 50ms (cache miss)
582 silly packumentCache full:https://registry.npmjs.org/punycode set size:undefined disposed:false
583 silly placeDep ROOT punycode@2.3.1 OK for: tr46@6.0.0 want: ^2.3.1
584 silly placeDep ROOT siginfo@2.0.0 OK for: why-is-node-running@2.3.0 want: ^2.0.0
585 silly placeDep ROOT stackback@0.0.2 OK for: why-is-node-running@2.3.0 want: 0.0.2
586 silly reify moves {}
587 silly audit bulk request {
587 silly audit   '@babel/code-frame': [ '7.29.7' ],
587 silly audit   '@babel/compat-data': [ '7.29.7' ],
587 silly audit   '@babel/core': [ '7.29.7' ],
587 silly audit   '@babel/generator': [ '7.29.7' ],
587 silly audit   '@babel/helper-compilation-targets': [ '7.29.7' ],
587 silly audit   '@babel/helper-globals': [ '7.29.7' ],
587 silly audit   '@babel/helper-module-imports': [ '7.29.7' ],
587 silly audit   '@babel/helper-module-transforms': [ '7.29.7' ],
587 silly audit   '@babel/helper-plugin-utils': [ '7.29.7' ],
587 silly audit   '@babel/helper-string-parser': [ '7.29.7' ],
587 silly audit   '@babel/helper-validator-identifier': [ '7.29.7' ],
587 silly audit   '@babel/helper-validator-option': [ '7.29.7' ],
587 silly audit   '@babel/helpers': [ '7.29.7' ],
587 silly audit   '@babel/parser': [ '7.29.7' ],
587 silly audit   '@babel/plugin-transform-react-jsx-self': [ '7.29.7' ],
587 silly audit   '@babel/plugin-transform-react-jsx-source': [ '7.29.7' ],
587 silly audit   '@babel/template': [ '7.29.7' ],
587 silly audit   '@babel/traverse': [ '7.29.7' ],
587 silly audit   '@babel/types': [ '7.29.7' ],
587 silly audit   '@esbuild/aix-ppc64': [ '0.25.12' ],
587 silly audit   '@esbuild/android-arm': [ '0.25.12' ],
587 silly audit   '@esbuild/android-arm64': [ '0.25.12' ],
587 silly audit   '@esbuild/android-x64': [ '0.25.12' ],
587 silly audit   '@esbuild/darwin-arm64': [ '0.25.12' ],
587 silly audit   '@esbuild/darwin-x64': [ '0.25.12' ],
587 silly audit   '@esbuild/freebsd-arm64': [ '0.25.12' ],
587 silly audit   '@esbuild/freebsd-x64': [ '0.25.12' ],
587 silly audit   '@esbuild/linux-arm': [ '0.25.12' ],
587 silly audit   '@esbuild/linux-arm64': [ '0.25.12' ],
587 silly audit   '@esbuild/linux-ia32': [ '0.25.12' ],
587 silly audit   '@esbuild/linux-loong64': [ '0.25.12' ],
587 silly audit   '@esbuild/linux-mips64el': [ '0.25.12' ],
587 silly audit   '@esbuild/linux-ppc64': [ '0.25.12' ],
587 silly audit   '@esbuild/linux-riscv64': [ '0.25.12' ],
587 silly audit   '@esbuild/linux-s390x': [ '0.25.12' ],
587 silly audit   '@esbuild/linux-x64': [ '0.25.12' ],
587 silly audit   '@esbuild/netbsd-arm64': [ '0.25.12' ],
587 silly audit   '@esbuild/netbsd-x64': [ '0.25.12' ],
587 silly audit   '@esbuild/openbsd-arm64': [ '0.25.12' ],
587 silly audit   '@esbuild/openbsd-x64': [ '0.25.12' ],
587 silly audit   '@esbuild/openharmony-arm64': [ '0.25.12' ],
587 silly audit   '@esbuild/sunos-x64': [ '0.25.12' ],
587 silly audit   '@esbuild/win32-arm64': [ '0.25.12' ],
587 silly audit   '@esbuild/win32-ia32': [ '0.25.12' ],
587 silly audit   '@esbuild/win32-x64': [ '0.25.12' ],
587 silly audit   '@jridgewell/gen-mapping': [ '0.3.13' ],
587 silly audit   '@jridgewell/remapping': [ '2.3.5' ],
587 silly audit   '@jridgewell/resolve-uri': [ '3.1.2' ],
587 silly audit   '@jridgewell/sourcemap-codec': [ '1.5.5' ],
587 silly audit   '@jridgewell/trace-mapping': [ '0.3.31' ],
587 silly audit   '@rolldown/pluginutils': [ '1.0.0-beta.27' ],
587 silly audit   '@rollup/rollup-android-arm-eabi': [ '4.62.2' ],
587 silly audit   '@rollup/rollup-android-arm64': [ '4.62.2' ],
587 silly audit   '@rollup/rollup-darwin-arm64': [ '4.62.2' ],
587 silly audit   '@rollup/rollup-darwin-x64': [ '4.62.2' ],
587 silly audit   '@rollup/rollup-freebsd-arm64': [ '4.62.2' ],
587 silly audit   '@rollup/rollup-freebsd-x64': [ '4.62.2' ],
587 silly audit   '@rollup/rollup-linux-arm-gnueabihf': [ '4.62.2' ],
587 silly audit   '@rollup/rollup-linux-arm-musleabihf': [ '4.62.2' ],
587 silly audit   '@rollup/rollup-linux-arm64-gnu': [ '4.62.2' ],
587 silly audit   '@rollup/rollup-linux-arm64-musl': [ '4.62.2' ],
587 silly audit   '@rollup/rollup-linux-loong64-gnu': [ '4.62.2' ],
587 silly audit   '@rollup/rollup-linux-loong64-musl': [ '4.62.2' ],
587 silly audit   '@rollup/rollup-linux-ppc64-gnu': [ '4.62.2' ],
587 silly audit   '@rollup/rollup-linux-ppc64-musl': [ '4.62.2' ],
587 silly audit   '@rollup/rollup-linux-riscv64-gnu': [ '4.62.2' ],
587 silly audit   '@rollup/rollup-linux-riscv64-musl': [ '4.62.2' ],
587 silly audit   '@rollup/rollup-linux-s390x-gnu': [ '4.62.2' ],
587 silly audit   '@rollup/rollup-linux-x64-gnu': [ '4.62.2' ],
587 silly audit   '@rollup/rollup-linux-x64-musl': [ '4.62.2' ],
587 silly audit   '@rollup/rollup-openbsd-x64': [ '4.62.2' ],
587 silly audit   '@rollup/rollup-openharmony-arm64': [ '4.62.2' ],
587 silly audit   '@rollup/rollup-win32-arm64-msvc': [ '4.62.2' ],
587 silly audit   '@rollup/rollup-win32-ia32-msvc': [ '4.62.2' ],
587 silly audit   '@rollup/rollup-win32-x64-gnu': [ '4.62.2' ],
587 silly audit   '@rollup/rollup-win32-x64-msvc': [ '4.62.2' ],
587 silly audit   '@types/babel__core': [ '7.20.5' ],
587 silly audit   '@types/babel__generator': [ '7.27.0' ],
587 silly audit   '@types/babel__template': [ '7.4.4' ],
587 silly audit   '@types/babel__traverse': [ '7.28.0' ],
587 silly audit   '@types/estree': [ '1.0.9' ],
587 silly audit   '@types/prop-types': [ '15.7.15' ],
587 silly audit   '@types/react': [ '18.3.31' ],
587 silly audit   '@types/react-dom': [ '18.3.7' ],
587 silly audit   '@vitejs/plugin-react': [ '4.7.0' ],
587 silly audit   'baseline-browser-mapping': [ '2.10.40' ],
587 silly audit   browserslist: [ '4.28.4' ],
587 silly audit   'caniuse-lite': [ '1.0.30001800' ],
587 silly audit   'convert-source-map': [ '2.0.0' ],
587 silly audit   csstype: [ '3.2.3' ],
587 silly audit   debug: [ '4.4.3' ],
587 silly audit   'electron-to-chromium': [ '1.5.382' ],
587 silly audit   esbuild: [ '0.25.12' ],
587 silly audit   escalade: [ '3.2.0' ],
587 silly audit   fdir: [ '6.5.0' ],
587 silly audit   fsevents: [ '2.3.3' ],
587 silly audit   gensync: [ '1.0.0-beta.2' ],
587 silly audit   'js-tokens': [ '4.0.0' ],
587 silly audit   jsesc: [ '3.1.0' ],
587 silly audit   json5: [ '2.2.3' ],
587 silly audit   'loose-envify': [ '1.4.0' ],
587 silly audit   'lru-cache': [ '5.1.1', '11.5.1' ],
587 silly audit   ms: [ '2.1.3' ],
587 silly audit   nanoid: [ '3.3.15' ],
587 silly audit   'node-releases': [ '2.0.50' ],
587 silly audit   picocolors: [ '1.1.1' ],
587 silly audit   picomatch: [ '4.0.4' ],
587 silly audit   postcss: [ '8.5.16' ],
587 silly audit   react: [ '18.3.1' ],
587 silly audit   'react-dom': [ '18.3.1' ],
587 silly audit   'react-refresh': [ '0.17.0' ],
587 silly audit   rollup: [ '4.62.2' ],
587 silly audit   scheduler: [ '0.23.2' ],
587 silly audit   semver: [ '6.3.1' ],
587 silly audit   'source-map-js': [ '1.2.1' ],
587 silly audit   tinyglobby: [ '0.2.17' ],
587 silly audit   typescript: [ '5.9.3' ],
587 silly audit   'update-browserslist-db': [ '1.2.3' ],
587 silly audit   vite: [ '6.4.3' ],
587 silly audit   yallist: [ '3.1.1' ],
587 silly audit   '@testing-library/jest-dom': [ '6.9.1' ],
587 silly audit   '@testing-library/react': [ '16.3.2' ],
587 silly audit   '@testing-library/dom': [ '10.4.1' ],
587 silly audit   jsdom: [ '29.1.1' ],
587 silly audit   vitest: [ '4.1.9' ],
587 silly audit   '@babel/runtime': [ '7.29.7' ],
587 silly audit   '@types/aria-query': [ '5.0.4' ],
587 silly audit   'aria-query': [ '5.3.0' ],
587 silly audit   'dom-accessibility-api': [ '0.5.16', '0.6.3' ],
587 silly audit   'lz-string': [ '1.5.0' ],
587 silly audit   'pretty-format': [ '27.5.1' ],
587 silly audit   '@adobe/css-tools': [ '4.5.0' ],
587 silly audit   'css.escape': [ '1.5.1' ],
587 silly audit   redent: [ '3.0.0' ],
587 silly audit   dequal: [ '2.0.3' ],
587 silly audit   '@asamuzakjp/css-color': [ '5.1.11' ],
587 silly audit   '@asamuzakjp/dom-selector': [ '7.1.1' ],
587 silly audit   '@bramus/specificity': [ '2.4.2' ],
587 silly audit   '@csstools/css-syntax-patches-for-csstree': [ '1.1.6' ],
587 silly audit   '@exodus/bytes': [ '1.15.1' ],
587 silly audit   'css-tree': [ '3.2.1' ],
587 silly audit   'data-urls': [ '7.0.0' ],
587 silly audit   'decimal.js': [ '10.6.0' ],
587 silly audit   'html-encoding-sniffer': [ '6.0.0' ],
587 silly audit   'is-potential-custom-element-name': [ '1.0.1' ],
587 silly audit   parse5: [ '8.0.1' ],
587 silly audit   saxes: [ '6.0.0' ],
587 silly audit   'symbol-tree': [ '3.2.4' ],
587 silly audit   'tough-cookie': [ '6.0.1' ],
587 silly audit   undici: [ '7.28.0' ],
587 silly audit   'w3c-xmlserializer': [ '5.0.0' ],
587 silly audit   'webidl-conversions': [ '8.0.1' ],
587 silly audit   'whatwg-mimetype': [ '5.0.0' ],
587 silly audit   'whatwg-url': [ '16.0.1' ],
587 silly audit   'xml-name-validator': [ '5.0.0' ],
587 silly audit   '@asamuzakjp/generational-cache': [ '1.0.1' ],
587 silly audit   '@csstools/css-calc': [ '3.2.1' ],
587 silly audit   '@csstools/css-parser-algorithms': [ '4.0.0' ],
587 silly audit   '@csstools/css-tokenizer': [ '4.0.0' ],
587 silly audit   '@csstools/css-color-parser': [ '4.1.9' ],
587 silly audit   '@asamuzakjp/nwsapi': [ '2.3.9' ],
587 silly audit   'bidi-js': [ '1.0.3' ],
587 silly audit   '@csstools/color-helpers': [ '6.1.0' ],
587 silly audit   'require-from-string': [ '2.0.2' ],
587 silly audit   'mdn-data': [ '2.27.1' ],
587 silly audit   entities: [ '8.0.0' ],
587 silly audit   'ansi-regex': [ '5.0.1' ],
587 silly audit   'ansi-styles': [ '5.2.0' ],
587 silly audit   'react-is': [ '17.0.2' ],
587 silly audit   'indent-string': [ '4.0.0' ],
587 silly audit   'strip-indent': [ '3.0.0' ],
587 silly audit   xmlchars: [ '2.2.0' ],
587 silly audit   'min-indent': [ '1.0.1' ],
587 silly audit   tldts: [ '7.4.5' ],
587 silly audit   'tldts-core': [ '7.4.5' ],
587 silly audit   '@vitest/expect': [ '4.1.9' ],
587 silly audit   '@vitest/mocker': [ '4.1.9' ],
587 silly audit   '@vitest/pretty-format': [ '4.1.9' ],
587 silly audit   '@vitest/runner': [ '4.1.9' ],
587 silly audit   '@vitest/snapshot': [ '4.1.9' ],
587 silly audit   '@vitest/spy': [ '4.1.9' ],
587 silly audit   '@vitest/utils': [ '4.1.9' ],
587 silly audit   'es-module-lexer': [ '2.2.0' ],
587 silly audit   'expect-type': [ '1.4.0' ],
587 silly audit   'magic-string': [ '0.30.21' ],
587 silly audit   obug: [ '2.1.3' ],
587 silly audit   pathe: [ '2.0.3' ],
587 silly audit   'std-env': [ '4.1.0' ],
587 silly audit   tinybench: [ '2.9.0' ],
587 silly audit   tinyexec: [ '1.2.4' ],
587 silly audit   tinyrainbow: [ '3.1.0' ],
587 silly audit   'why-is-node-running': [ '2.3.0' ],
587 silly audit   '@standard-schema/spec': [ '1.1.0' ],
587 silly audit   '@types/chai': [ '5.2.3' ],
587 silly audit   chai: [ '6.2.2' ],
587 silly audit   '@types/deep-eql': [ '4.0.2' ],
587 silly audit   'assertion-error': [ '2.0.1' ],
587 silly audit   'estree-walker': [ '3.0.3' ],
587 silly audit   tr46: [ '6.0.0' ],
587 silly audit   punycode: [ '2.3.1' ],
587 silly audit   siginfo: [ '2.0.0' ],
587 silly audit   stackback: [ '0.0.2' ]
587 silly audit }
588 verbose reify failed optional dependency /home/user/node_modules/fsevents
589 silly reify mark deleted [ '/home/user/node_modules/fsevents' ]
590 verbose reify failed optional dependency /home/user/node_modules/@rollup/rollup-win32-x64-msvc
591 silly reify mark deleted [ '/home/user/node_modules/@rollup/rollup-win32-x64-msvc' ]
592 verbose reify failed optional dependency /home/user/node_modules/@rollup/rollup-win32-x64-gnu
593 silly reify mark deleted [ '/home/user/node_modules/@rollup/rollup-win32-x64-gnu' ]
594 verbose reify failed optional dependency /home/user/node_modules/@rollup/rollup-win32-ia32-msvc
595 silly reify mark deleted [ '/home/user/node_modules/@rollup/rollup-win32-ia32-msvc' ]
596 verbose reify failed optional dependency /home/user/node_modules/@rollup/rollup-win32-arm64-msvc
597 silly reify mark deleted [ '/home/user/node_modules/@rollup/rollup-win32-arm64-msvc' ]
598 verbose reify failed optional dependency /home/user/node_modules/@rollup/rollup-openharmony-arm64
599 silly reify mark deleted [ '/home/user/node_modules/@rollup/rollup-openharmony-arm64' ]
600 verbose reify failed optional dependency /home/user/node_modules/@rollup/rollup-openbsd-x64
601 silly reify mark deleted [ '/home/user/node_modules/@rollup/rollup-openbsd-x64' ]
602 verbose reify failed optional dependency /home/user/node_modules/@rollup/rollup-linux-s390x-gnu
603 silly reify mark deleted [ '/home/user/node_modules/@rollup/rollup-linux-s390x-gnu' ]
604 verbose reify failed optional dependency /home/user/node_modules/@rollup/rollup-linux-riscv64-musl
605 silly reify mark deleted [ '/home/user/node_modules/@rollup/rollup-linux-riscv64-musl' ]
606 verbose reify failed optional dependency /home/user/node_modules/@rollup/rollup-linux-riscv64-gnu
607 silly reify mark deleted [ '/home/user/node_modules/@rollup/rollup-linux-riscv64-gnu' ]
608 verbose reify failed optional dependency /home/user/node_modules/@rollup/rollup-linux-ppc64-musl
609 silly reify mark deleted [ '/home/user/node_modules/@rollup/rollup-linux-ppc64-musl' ]
610 verbose reify failed optional dependency /home/user/node_modules/@rollup/rollup-linux-ppc64-gnu
611 silly reify mark deleted [ '/home/user/node_modules/@rollup/rollup-linux-ppc64-gnu' ]
612 verbose reify failed optional dependency /home/user/node_modules/@rollup/rollup-linux-loong64-musl
613 silly reify mark deleted [ '/home/user/node_modules/@rollup/rollup-linux-loong64-musl' ]
614 verbose reify failed optional dependency /home/user/node_modules/@rollup/rollup-linux-loong64-gnu
615 silly reify mark deleted [ '/home/user/node_modules/@rollup/rollup-linux-loong64-gnu' ]
616 verbose reify failed optional dependency /home/user/node_modules/@rollup/rollup-linux-arm64-musl
617 silly reify mark deleted [ '/home/user/node_modules/@rollup/rollup-linux-arm64-musl' ]
618 verbose reify failed optional dependency /home/user/node_modules/@rollup/rollup-linux-arm64-gnu
619 silly reify mark deleted [ '/home/user/node_modules/@rollup/rollup-linux-arm64-gnu' ]
620 verbose reify failed optional dependency /home/user/node_modules/@rollup/rollup-linux-arm-musleabihf
621 silly reify mark deleted [ '/home/user/node_modules/@rollup/rollup-linux-arm-musleabihf' ]
622 verbose reify failed optional dependency /home/user/node_modules/@rollup/rollup-linux-arm-gnueabihf
623 silly reify mark deleted [ '/home/user/node_modules/@rollup/rollup-linux-arm-gnueabihf' ]
624 verbose reify failed optional dependency /home/user/node_modules/@rollup/rollup-freebsd-x64
625 silly reify mark deleted [ '/home/user/node_modules/@rollup/rollup-freebsd-x64' ]
626 verbose reify failed optional dependency /home/user/node_modules/@rollup/rollup-freebsd-arm64
627 silly reify mark deleted [ '/home/user/node_modules/@rollup/rollup-freebsd-arm64' ]
628 verbose reify failed optional dependency /home/user/node_modules/@rollup/rollup-darwin-x64
629 silly reify mark deleted [ '/home/user/node_modules/@rollup/rollup-darwin-x64' ]
630 verbose reify failed optional dependency /home/user/node_modules/@rollup/rollup-darwin-arm64
631 silly reify mark deleted [ '/home/user/node_modules/@rollup/rollup-darwin-arm64' ]
632 verbose reify failed optional dependency /home/user/node_modules/@rollup/rollup-android-arm64
633 silly reify mark deleted [ '/home/user/node_modules/@rollup/rollup-android-arm64' ]
634 verbose reify failed optional dependency /home/user/node_modules/@rollup/rollup-android-arm-eabi
635 silly reify mark deleted [ '/home/user/node_modules/@rollup/rollup-android-arm-eabi' ]
636 verbose reify failed optional dependency /home/user/node_modules/@esbuild/win32-x64
637 silly reify mark deleted [ '/home/user/node_modules/@esbuild/win32-x64' ]
638 verbose reify failed optional dependency /home/user/node_modules/@esbuild/win32-ia32
639 silly reify mark deleted [ '/home/user/node_modules/@esbuild/win32-ia32' ]
640 verbose reify failed optional dependency /home/user/node_modules/@esbuild/win32-arm64
641 silly reify mark deleted [ '/home/user/node_modules/@esbuild/win32-arm64' ]
642 verbose reify failed optional dependency /home/user/node_modules/@esbuild/sunos-x64
643 silly reify mark deleted [ '/home/user/node_modules/@esbuild/sunos-x64' ]
644 verbose reify failed optional dependency /home/user/node_modules/@esbuild/openharmony-arm64
645 silly reify mark deleted [ '/home/user/node_modules/@esbuild/openharmony-arm64' ]
646 verbose reify failed optional dependency /home/user/node_modules/@esbuild/openbsd-x64
647 silly reify mark deleted [ '/home/user/node_modules/@esbuild/openbsd-x64' ]
648 verbose reify failed optional dependency /home/user/node_modules/@esbuild/openbsd-arm64
649 silly reify mark deleted [ '/home/user/node_modules/@esbuild/openbsd-arm64' ]
650 verbose reify failed optional dependency /home/user/node_modules/@esbuild/netbsd-x64
651 silly reify mark deleted [ '/home/user/node_modules/@esbuild/netbsd-x64' ]
652 verbose reify failed optional dependency /home/user/node_modules/@esbuild/netbsd-arm64
653 silly reify mark deleted [ '/home/user/node_modules/@esbuild/netbsd-arm64' ]
654 verbose reify failed optional dependency /home/user/node_modules/@esbuild/linux-s390x
655 silly reify mark deleted [ '/home/user/node_modules/@esbuild/linux-s390x' ]
656 verbose reify failed optional dependency /home/user/node_modules/@esbuild/linux-riscv64
657 silly reify mark deleted [ '/home/user/node_modules/@esbuild/linux-riscv64' ]
658 verbose reify failed optional dependency /home/user/node_modules/@esbuild/linux-ppc64
659 silly reify mark deleted [ '/home/user/node_modules/@esbuild/linux-ppc64' ]
660 verbose reify failed optional dependency /home/user/node_modules/@esbuild/linux-mips64el
661 silly reify mark deleted [ '/home/user/node_modules/@esbuild/linux-mips64el' ]
662 verbose reify failed optional dependency /home/user/node_modules/@esbuild/linux-loong64
663 silly reify mark deleted [ '/home/user/node_modules/@esbuild/linux-loong64' ]
664 verbose reify failed optional dependency /home/user/node_modules/@esbuild/linux-ia32
665 silly reify mark deleted [ '/home/user/node_modules/@esbuild/linux-ia32' ]
666 verbose reify failed optional dependency /home/user/node_modules/@esbuild/linux-arm64
667 silly reify mark deleted [ '/home/user/node_modules/@esbuild/linux-arm64' ]
668 verbose reify failed optional dependency /home/user/node_modules/@esbuild/linux-arm
669 silly reify mark deleted [ '/home/user/node_modules/@esbuild/linux-arm' ]
670 verbose reify failed optional dependency /home/user/node_modules/@esbuild/freebsd-x64
671 silly reify mark deleted [ '/home/user/node_modules/@esbuild/freebsd-x64' ]
672 verbose reify failed optional dependency /home/user/node_modules/@esbuild/freebsd-arm64
673 silly reify mark deleted [ '/home/user/node_modules/@esbuild/freebsd-arm64' ]
674 verbose reify failed optional dependency /home/user/node_modules/@esbuild/darwin-x64
675 silly reify mark deleted [ '/home/user/node_modules/@esbuild/darwin-x64' ]
676 verbose reify failed optional dependency /home/user/node_modules/@esbuild/darwin-arm64
677 silly reify mark deleted [ '/home/user/node_modules/@esbuild/darwin-arm64' ]
678 verbose reify failed optional dependency /home/user/node_modules/@esbuild/android-x64
679 silly reify mark deleted [ '/home/user/node_modules/@esbuild/android-x64' ]
680 verbose reify failed optional dependency /home/user/node_modules/@esbuild/android-arm64
681 silly reify mark deleted [ '/home/user/node_modules/@esbuild/android-arm64' ]
682 verbose reify failed optional dependency /home/user/node_modules/@esbuild/android-arm
683 silly reify mark deleted [ '/home/user/node_modules/@esbuild/android-arm' ]
684 verbose reify failed optional dependency /home/user/node_modules/@esbuild/aix-ppc64
685 silly reify mark deleted [ '/home/user/node_modules/@esbuild/aix-ppc64' ]
686 silly tarball no local data for stackback@https://registry.npmjs.org/stackback/-/stackback-0.0.2.tgz. Extracting by manifest.
687 silly tarball no local data for siginfo@https://registry.npmjs.org/siginfo/-/siginfo-2.0.0.tgz. Extracting by manifest.
688 silly tarball no local data for punycode@https://registry.npmjs.org/punycode/-/punycode-2.3.1.tgz. Extracting by manifest.
689 silly tarball no local data for tr46@https://registry.npmjs.org/tr46/-/tr46-6.0.0.tgz. Extracting by manifest.
690 silly tarball no local data for estree-walker@https://registry.npmjs.org/estree-walker/-/estree-walker-3.0.3.tgz. Extracting by manifest.
691 silly tarball no local data for assertion-error@https://registry.npmjs.org/assertion-error/-/assertion-error-2.0.1.tgz. Extracting by manifest.
692 silly tarball no local data for @types/deep-eql@https://registry.npmjs.org/@types/deep-eql/-/deep-eql-4.0.2.tgz. Extracting by manifest.
693 silly tarball no local data for chai@https://registry.npmjs.org/chai/-/chai-6.2.2.tgz. Extracting by manifest.
694 silly tarball no local data for @types/chai@https://registry.npmjs.org/@types/chai/-/chai-5.2.3.tgz. Extracting by manifest.
695 silly tarball no local data for @standard-schema/spec@https://registry.npmjs.org/@standard-schema/spec/-/spec-1.1.0.tgz. Extracting by manifest.
696 silly tarball no local data for why-is-node-running@https://registry.npmjs.org/why-is-node-running/-/why-is-node-running-2.3.0.tgz. Extracting by manifest.
697 silly tarball no local data for tinyrainbow@https://registry.npmjs.org/tinyrainbow/-/tinyrainbow-3.1.0.tgz. Extracting by manifest.
698 silly tarball no local data for tinyexec@https://registry.npmjs.org/tinyexec/-/tinyexec-1.2.4.tgz. Extracting by manifest.
699 silly tarball no local data for tinybench@https://registry.npmjs.org/tinybench/-/tinybench-2.9.0.tgz. Extracting by manifest.
700 silly tarball no local data for std-env@https://registry.npmjs.org/std-env/-/std-env-4.1.0.tgz. Extracting by manifest.
701 silly tarball no local data for pathe@https://registry.npmjs.org/pathe/-/pathe-2.0.3.tgz. Extracting by manifest.
702 silly tarball no local data for obug@https://registry.npmjs.org/obug/-/obug-2.1.3.tgz. Extracting by manifest.
703 silly tarball no local data for magic-string@https://registry.npmjs.org/magic-string/-/magic-string-0.30.21.tgz. Extracting by manifest.
704 silly tarball no local data for expect-type@https://registry.npmjs.org/expect-type/-/expect-type-1.4.0.tgz. Extracting by manifest.
705 silly tarball no local data for es-module-lexer@https://registry.npmjs.org/es-module-lexer/-/es-module-lexer-2.2.0.tgz. Extracting by manifest.
706 silly tarball no local data for @vitest/utils@https://registry.npmjs.org/@vitest/utils/-/utils-4.1.9.tgz. Extracting by manifest.
707 silly tarball no local data for @vitest/spy@https://registry.npmjs.org/@vitest/spy/-/spy-4.1.9.tgz. Extracting by manifest.
708 silly tarball no local data for @vitest/snapshot@https://registry.npmjs.org/@vitest/snapshot/-/snapshot-4.1.9.tgz. Extracting by manifest.
709 silly tarball no local data for @vitest/runner@https://registry.npmjs.org/@vitest/runner/-/runner-4.1.9.tgz. Extracting by manifest.
710 silly tarball no local data for @vitest/pretty-format@https://registry.npmjs.org/@vitest/pretty-format/-/pretty-format-4.1.9.tgz. Extracting by manifest.
711 silly tarball no local data for @vitest/mocker@https://registry.npmjs.org/@vitest/mocker/-/mocker-4.1.9.tgz. Extracting by manifest.
712 silly tarball no local data for @vitest/expect@https://registry.npmjs.org/@vitest/expect/-/expect-4.1.9.tgz. Extracting by manifest.
713 silly tarball no local data for tldts-core@https://registry.npmjs.org/tldts-core/-/tldts-core-7.4.5.tgz. Extracting by manifest.
714 silly tarball no local data for tldts@https://registry.npmjs.org/tldts/-/tldts-7.4.5.tgz. Extracting by manifest.
715 silly tarball no local data for min-indent@https://registry.npmjs.org/min-indent/-/min-indent-1.0.1.tgz. Extracting by manifest.
716 silly tarball no local data for xmlchars@https://registry.npmjs.org/xmlchars/-/xmlchars-2.2.0.tgz. Extracting by manifest.
717 silly tarball no local data for strip-indent@https://registry.npmjs.org/strip-indent/-/strip-indent-3.0.0.tgz. Extracting by manifest.
718 silly tarball no local data for indent-string@https://registry.npmjs.org/indent-string/-/indent-string-4.0.0.tgz. Extracting by manifest.
719 silly tarball no local data for react-is@https://registry.npmjs.org/react-is/-/react-is-17.0.2.tgz. Extracting by manifest.
720 silly tarball no local data for ansi-styles@https://registry.npmjs.org/ansi-styles/-/ansi-styles-5.2.0.tgz. Extracting by manifest.
721 silly tarball no local data for ansi-regex@https://registry.npmjs.org/ansi-regex/-/ansi-regex-5.0.1.tgz. Extracting by manifest.
722 silly tarball no local data for entities@https://registry.npmjs.org/entities/-/entities-8.0.0.tgz. Extracting by manifest.
723 silly tarball no local data for mdn-data@https://registry.npmjs.org/mdn-data/-/mdn-data-2.27.1.tgz. Extracting by manifest.
724 silly tarball no local data for require-from-string@https://registry.npmjs.org/require-from-string/-/require-from-string-2.0.2.tgz. Extracting by manifest.
725 silly tarball no local data for @csstools/color-helpers@https://registry.npmjs.org/@csstools/color-helpers/-/color-helpers-6.1.0.tgz. Extracting by manifest.
726 silly tarball no local data for bidi-js@https://registry.npmjs.org/bidi-js/-/bidi-js-1.0.3.tgz. Extracting by manifest.
727 silly tarball no local data for @asamuzakjp/nwsapi@https://registry.npmjs.org/@asamuzakjp/nwsapi/-/nwsapi-2.3.9.tgz. Extracting by manifest.
728 silly tarball no local data for @csstools/css-color-parser@https://registry.npmjs.org/@csstools/css-color-parser/-/css-color-parser-4.1.9.tgz. Extracting by manifest.
729 silly tarball no local data for @csstools/css-tokenizer@https://registry.npmjs.org/@csstools/css-tokenizer/-/css-tokenizer-4.0.0.tgz. Extracting by manifest.
730 silly tarball no local data for @csstools/css-parser-algorithms@https://registry.npmjs.org/@csstools/css-parser-algorithms/-/css-parser-algorithms-4.0.0.tgz. Extracting by manifest.
731 silly tarball no local data for @csstools/css-calc@https://registry.npmjs.org/@csstools/css-calc/-/css-calc-3.2.1.tgz. Extracting by manifest.
732 silly tarball no local data for @asamuzakjp/generational-cache@https://registry.npmjs.org/@asamuzakjp/generational-cache/-/generational-cache-1.0.1.tgz. Extracting by manifest.
733 silly tarball no local data for xml-name-validator@https://registry.npmjs.org/xml-name-validator/-/xml-name-validator-5.0.0.tgz. Extracting by manifest.
734 silly tarball no local data for whatwg-url@https://registry.npmjs.org/whatwg-url/-/whatwg-url-16.0.1.tgz. Extracting by manifest.
735 silly tarball no local data for whatwg-mimetype@https://registry.npmjs.org/whatwg-mimetype/-/whatwg-mimetype-5.0.0.tgz. Extracting by manifest.
736 silly tarball no local data for webidl-conversions@https://registry.npmjs.org/webidl-conversions/-/webidl-conversions-8.0.1.tgz. Extracting by manifest.
737 silly tarball no local data for w3c-xmlserializer@https://registry.npmjs.org/w3c-xmlserializer/-/w3c-xmlserializer-5.0.0.tgz. Extracting by manifest.
738 silly tarball no local data for undici@https://registry.npmjs.org/undici/-/undici-7.28.0.tgz. Extracting by manifest.
739 silly tarball no local data for tough-cookie@https://registry.npmjs.org/tough-cookie/-/tough-cookie-6.0.1.tgz. Extracting by manifest.
740 silly tarball no local data for symbol-tree@https://registry.npmjs.org/symbol-tree/-/symbol-tree-3.2.4.tgz. Extracting by manifest.
741 silly tarball no local data for saxes@https://registry.npmjs.org/saxes/-/saxes-6.0.0.tgz. Extracting by manifest.
742 silly tarball no local data for parse5@https://registry.npmjs.org/parse5/-/parse5-8.0.1.tgz. Extracting by manifest.
743 silly tarball no local data for is-potential-custom-element-name@https://registry.npmjs.org/is-potential-custom-element-name/-/is-potential-custom-element-name-1.0.1.tgz. Extracting by manifest.
744 silly tarball no local data for html-encoding-sniffer@https://registry.npmjs.org/html-encoding-sniffer/-/html-encoding-sniffer-6.0.0.tgz. Extracting by manifest.
745 silly tarball no local data for decimal.js@https://registry.npmjs.org/decimal.js/-/decimal.js-10.6.0.tgz. Extracting by manifest.
746 silly tarball no local data for data-urls@https://registry.npmjs.org/data-urls/-/data-urls-7.0.0.tgz. Extracting by manifest.
747 silly tarball no local data for css-tree@https://registry.npmjs.org/css-tree/-/css-tree-3.2.1.tgz. Extracting by manifest.
748 silly tarball no local data for @exodus/bytes@https://registry.npmjs.org/@exodus/bytes/-/bytes-1.15.1.tgz. Extracting by manifest.
749 silly tarball no local data for @csstools/css-syntax-patches-for-csstree@https://registry.npmjs.org/@csstools/css-syntax-patches-for-csstree/-/css-syntax-patches-for-csstree-1.1.6.tgz. Extracting by manifest.
750 silly tarball no local data for @bramus/specificity@https://registry.npmjs.org/@bramus/specificity/-/specificity-2.4.2.tgz. Extracting by manifest.
751 silly tarball no local data for @asamuzakjp/dom-selector@https://registry.npmjs.org/@asamuzakjp/dom-selector/-/dom-selector-7.1.1.tgz. Extracting by manifest.
752 silly tarball no local data for @asamuzakjp/css-color@https://registry.npmjs.org/@asamuzakjp/css-color/-/css-color-5.1.11.tgz. Extracting by manifest.
753 silly tarball no local data for dequal@https://registry.npmjs.org/dequal/-/dequal-2.0.3.tgz. Extracting by manifest.
754 silly tarball no local data for redent@https://registry.npmjs.org/redent/-/redent-3.0.0.tgz. Extracting by manifest.
755 silly tarball no local data for css.escape@https://registry.npmjs.org/css.escape/-/css.escape-1.5.1.tgz. Extracting by manifest.
756 silly tarball no local data for @adobe/css-tools@https://registry.npmjs.org/@adobe/css-tools/-/css-tools-4.5.0.tgz. Extracting by manifest.
757 silly tarball no local data for pretty-format@https://registry.npmjs.org/pretty-format/-/pretty-format-27.5.1.tgz. Extracting by manifest.
758 silly tarball no local data for lz-string@https://registry.npmjs.org/lz-string/-/lz-string-1.5.0.tgz. Extracting by manifest.
759 silly tarball no local data for dom-accessibility-api@https://registry.npmjs.org/dom-accessibility-api/-/dom-accessibility-api-0.5.16.tgz. Extracting by manifest.
760 silly tarball no local data for aria-query@https://registry.npmjs.org/aria-query/-/aria-query-5.3.0.tgz. Extracting by manifest.
761 silly tarball no local data for @types/aria-query@https://registry.npmjs.org/@types/aria-query/-/aria-query-5.0.4.tgz. Extracting by manifest.
762 silly tarball no local data for @babel/runtime@https://registry.npmjs.org/@babel/runtime/-/runtime-7.29.7.tgz. Extracting by manifest.
763 silly tarball no local data for vitest@https://registry.npmjs.org/vitest/-/vitest-4.1.9.tgz. Extracting by manifest.
764 silly tarball no local data for jsdom@https://registry.npmjs.org/jsdom/-/jsdom-29.1.1.tgz. Extracting by manifest.
765 silly tarball no local data for @testing-library/dom@https://registry.npmjs.org/@testing-library/dom/-/dom-10.4.1.tgz. Extracting by manifest.
766 silly tarball no local data for @testing-library/react@https://registry.npmjs.org/@testing-library/react/-/react-16.3.2.tgz. Extracting by manifest.
767 silly tarball no local data for @testing-library/jest-dom@https://registry.npmjs.org/@testing-library/jest-dom/-/jest-dom-6.9.1.tgz. Extracting by manifest.
768 silly tarball no local data for lru-cache@https://registry.npmjs.org/lru-cache/-/lru-cache-11.5.1.tgz. Extracting by manifest.
769 silly tarball no local data for dom-accessibility-api@https://registry.npmjs.org/dom-accessibility-api/-/dom-accessibility-api-0.6.3.tgz. Extracting by manifest.
770 http fetch POST 200 https://registry.npmjs.org/-/npm/v1/security/advisories/bulk 162ms
771 silly audit report {}
772 http fetch GET 200 https://registry.npmjs.org/std-env/-/std-env-4.1.0.tgz 341ms (cache miss)
773 http fetch GET 200 https://registry.npmjs.org/assertion-error/-/assertion-error-2.0.1.tgz 392ms (cache miss)
774 http fetch GET 200 https://registry.npmjs.org/tinyrainbow/-/tinyrainbow-3.1.0.tgz 485ms (cache miss)
775 http fetch GET 200 https://registry.npmjs.org/siginfo/-/siginfo-2.0.0.tgz 616ms (cache miss)
776 http fetch GET 200 https://registry.npmjs.org/punycode/-/punycode-2.3.1.tgz 625ms (cache miss)
777 http fetch GET 200 https://registry.npmjs.org/estree-walker/-/estree-walker-3.0.3.tgz 625ms (cache miss)
778 http fetch GET 200 https://registry.npmjs.org/why-is-node-running/-/why-is-node-running-2.3.0.tgz 621ms (cache miss)
779 http fetch GET 200 https://registry.npmjs.org/pathe/-/pathe-2.0.3.tgz 626ms (cache miss)
780 http fetch GET 200 https://registry.npmjs.org/min-indent/-/min-indent-1.0.1.tgz 615ms (cache miss)
781 http fetch GET 200 https://registry.npmjs.org/stackback/-/stackback-0.0.2.tgz 645ms (cache miss)
782 http fetch GET 200 https://registry.npmjs.org/@types/deep-eql/-/deep-eql-4.0.2.tgz 642ms (cache miss)
783 http fetch GET 200 https://registry.npmjs.org/@standard-schema/spec/-/spec-1.1.0.tgz 652ms (cache miss)
784 http fetch GET 200 https://registry.npmjs.org/strip-indent/-/strip-indent-3.0.0.tgz 637ms (cache miss)
785 http fetch GET 200 https://registry.npmjs.org/ansi-regex/-/ansi-regex-5.0.1.tgz 644ms (cache miss)
786 http fetch GET 200 https://registry.npmjs.org/@csstools/color-helpers/-/color-helpers-6.1.0.tgz 648ms (cache miss)
787 http fetch GET 200 https://registry.npmjs.org/indent-string/-/indent-string-4.0.0.tgz 655ms (cache miss)
788 http fetch GET 200 https://registry.npmjs.org/require-from-string/-/require-from-string-2.0.2.tgz 653ms (cache miss)
789 http fetch GET 200 https://registry.npmjs.org/@asamuzakjp/generational-cache/-/generational-cache-1.0.1.tgz 660ms (cache miss)
790 http fetch GET 200 https://registry.npmjs.org/data-urls/-/data-urls-7.0.0.tgz 649ms (cache miss)
791 http fetch GET 200 https://registry.npmjs.org/is-potential-custom-element-name/-/is-potential-custom-element-name-1.0.1.tgz 652ms (cache miss)
792 http fetch GET 200 https://registry.npmjs.org/ansi-styles/-/ansi-styles-5.2.0.tgz 678ms (cache miss)
793 http fetch GET 200 https://registry.npmjs.org/tinybench/-/tinybench-2.9.0.tgz 696ms (cache miss)
794 http fetch GET 200 https://registry.npmjs.org/xml-name-validator/-/xml-name-validator-5.0.0.tgz 671ms (cache miss)
795 http fetch GET 200 https://registry.npmjs.org/@csstools/css-color-parser/-/css-color-parser-4.1.9.tgz 674ms (cache miss)
796 http fetch GET 200 https://registry.npmjs.org/tinyexec/-/tinyexec-1.2.4.tgz 707ms (cache miss)
797 http fetch GET 200 https://registry.npmjs.org/@vitest/pretty-format/-/pretty-format-4.1.9.tgz 697ms (cache miss)
798 http fetch GET 200 https://registry.npmjs.org/html-encoding-sniffer/-/html-encoding-sniffer-6.0.0.tgz 668ms (cache miss)
799 http fetch GET 200 https://registry.npmjs.org/dequal/-/dequal-2.0.3.tgz 664ms (cache miss)
800 http fetch GET 200 https://registry.npmjs.org/react-is/-/react-is-17.0.2.tgz 692ms (cache miss)
801 http fetch GET 200 https://registry.npmjs.org/@vitest/spy/-/spy-4.1.9.tgz 704ms (cache miss)
802 http fetch GET 200 https://registry.npmjs.org/@asamuzakjp/nwsapi/-/nwsapi-2.3.9.tgz 690ms (cache miss)
803 http fetch GET 200 https://registry.npmjs.org/w3c-xmlserializer/-/w3c-xmlserializer-5.0.0.tgz 682ms (cache miss)
804 http fetch GET 200 https://registry.npmjs.org/css.escape/-/css.escape-1.5.1.tgz 668ms (cache miss)
805 http fetch GET 200 https://registry.npmjs.org/redent/-/redent-3.0.0.tgz 670ms (cache miss)
806 http fetch GET 200 https://registry.npmjs.org/webidl-conversions/-/webidl-conversions-8.0.1.tgz 692ms (cache miss)
807 http fetch GET 200 https://registry.npmjs.org/obug/-/obug-2.1.3.tgz 723ms (cache miss)
808 http fetch GET 200 https://registry.npmjs.org/@types/aria-query/-/aria-query-5.0.4.tgz 678ms (cache miss)
809 http fetch GET 200 https://registry.npmjs.org/@types/chai/-/chai-5.2.3.tgz 742ms (cache miss)
810 http fetch GET 200 https://registry.npmjs.org/@csstools/css-parser-algorithms/-/css-parser-algorithms-4.0.0.tgz 718ms (cache miss)
811 http fetch GET 200 https://registry.npmjs.org/chai/-/chai-6.2.2.tgz 754ms (cache miss)
812 http fetch GET 200 https://registry.npmjs.org/whatwg-mimetype/-/whatwg-mimetype-5.0.0.tgz 726ms (cache miss)
813 http fetch GET 200 https://registry.npmjs.org/whatwg-url/-/whatwg-url-16.0.1.tgz 735ms (cache miss)
814 http fetch GET 200 https://registry.npmjs.org/@csstools/css-syntax-patches-for-csstree/-/css-syntax-patches-for-csstree-1.1.6.tgz 724ms (cache miss)
815 http fetch GET 200 https://registry.npmjs.org/@csstools/css-calc/-/css-calc-3.2.1.tgz 743ms (cache miss)
816 http fetch GET 200 https://registry.npmjs.org/@csstools/css-tokenizer/-/css-tokenizer-4.0.0.tgz 744ms (cache miss)
817 http fetch GET 200 https://registry.npmjs.org/symbol-tree/-/symbol-tree-3.2.4.tgz 740ms (cache miss)
818 http fetch GET 200 https://registry.npmjs.org/@vitest/snapshot/-/snapshot-4.1.9.tgz 773ms (cache miss)
819 http fetch GET 200 https://registry.npmjs.org/@vitest/expect/-/expect-4.1.9.tgz 776ms (cache miss)
820 http fetch GET 200 https://registry.npmjs.org/saxes/-/saxes-6.0.0.tgz 757ms (cache miss)
821 http fetch GET 200 https://registry.npmjs.org/@vitest/runner/-/runner-4.1.9.tgz 796ms (cache miss)
822 http fetch GET 200 https://registry.npmjs.org/xmlchars/-/xmlchars-2.2.0.tgz 817ms (cache miss)
823 http fetch GET 200 https://registry.npmjs.org/es-module-lexer/-/es-module-lexer-2.2.0.tgz 831ms (cache miss)
824 http fetch GET 200 https://registry.npmjs.org/pretty-format/-/pretty-format-27.5.1.tgz 796ms (cache miss)
825 http fetch GET 200 https://registry.npmjs.org/bidi-js/-/bidi-js-1.0.3.tgz 828ms (cache miss)
826 http fetch GET 200 https://registry.npmjs.org/@vitest/mocker/-/mocker-4.1.9.tgz 844ms (cache miss)
827 http fetch GET 200 https://registry.npmjs.org/expect-type/-/expect-type-1.4.0.tgz 853ms (cache miss)
828 http fetch GET 200 https://registry.npmjs.org/tr46/-/tr46-6.0.0.tgz 890ms (cache miss)
829 http fetch GET 200 https://registry.npmjs.org/decimal.js/-/decimal.js-10.6.0.tgz 854ms (cache miss)
830 http fetch GET 200 https://registry.npmjs.org/lz-string/-/lz-string-1.5.0.tgz 856ms (cache miss)
831 http fetch GET 200 https://registry.npmjs.org/@asamuzakjp/dom-selector/-/dom-selector-7.1.1.tgz 867ms (cache miss)
832 http fetch GET 200 https://registry.npmjs.org/magic-string/-/magic-string-0.30.21.tgz 929ms (cache miss)
833 http fetch GET 200 https://registry.npmjs.org/@vitest/utils/-/utils-4.1.9.tgz 953ms (cache miss)
834 http fetch GET 200 https://registry.npmjs.org/tough-cookie/-/tough-cookie-6.0.1.tgz 946ms (cache miss)
835 http fetch GET 200 https://registry.npmjs.org/@adobe/css-tools/-/css-tools-4.5.0.tgz 936ms (cache miss)
836 http fetch GET 200 https://registry.npmjs.org/@testing-library/react/-/react-16.3.2.tgz 932ms (cache miss)
837 http fetch GET 200 https://registry.npmjs.org/parse5/-/parse5-8.0.1.tgz 957ms (cache miss)
838 http fetch GET 200 https://registry.npmjs.org/dom-accessibility-api/-/dom-accessibility-api-0.5.16.tgz 981ms (cache miss)
839 http fetch GET 200 https://registry.npmjs.org/mdn-data/-/mdn-data-2.27.1.tgz 1029ms (cache miss)
840 http fetch GET 200 https://registry.npmjs.org/@testing-library/jest-dom/-/jest-dom-6.9.1.tgz 999ms (cache miss)
841 http fetch GET 200 https://registry.npmjs.org/entities/-/entities-8.0.0.tgz 1036ms (cache miss)
842 http fetch GET 200 https://registry.npmjs.org/dom-accessibility-api/-/dom-accessibility-api-0.6.3.tgz 1010ms (cache miss)
843 http fetch GET 200 https://registry.npmjs.org/@bramus/specificity/-/specificity-2.4.2.tgz 1051ms (cache miss)
844 http fetch GET 200 https://registry.npmjs.org/@exodus/bytes/-/bytes-1.15.1.tgz 1086ms (cache miss)
845 http fetch GET 200 https://registry.npmjs.org/@asamuzakjp/css-color/-/css-color-5.1.11.tgz 1099ms (cache miss)
846 http fetch GET 200 https://registry.npmjs.org/tldts-core/-/tldts-core-7.4.5.tgz 1187ms (cache miss)
847 http fetch GET 200 https://registry.npmjs.org/aria-query/-/aria-query-5.3.0.tgz 1200ms (cache miss)
848 http fetch GET 200 https://registry.npmjs.org/@testing-library/dom/-/dom-10.4.1.tgz 1222ms (cache miss)
849 http fetch GET 200 https://registry.npmjs.org/@babel/runtime/-/runtime-7.29.7.tgz 1267ms (cache miss)
850 http fetch GET 200 https://registry.npmjs.org/tldts/-/tldts-7.4.5.tgz 1314ms (cache miss)
851 http fetch GET 200 https://registry.npmjs.org/vitest/-/vitest-4.1.9.tgz 1276ms (cache miss)
852 http fetch GET 200 https://registry.npmjs.org/lru-cache/-/lru-cache-11.5.1.tgz 1283ms (cache miss)
853 http fetch GET 200 https://registry.npmjs.org/undici/-/undici-7.28.0.tgz 1353ms (cache miss)
854 http fetch GET 200 https://registry.npmjs.org/css-tree/-/css-tree-3.2.1.tgz 1365ms (cache miss)
855 http fetch GET 200 https://registry.npmjs.org/jsdom/-/jsdom-29.1.1.tgz 1487ms (cache miss)
856 silly ADD node_modules/stackback
857 silly ADD node_modules/siginfo
858 silly ADD node_modules/punycode
859 silly ADD node_modules/tr46
860 silly ADD node_modules/estree-walker
861 silly ADD node_modules/assertion-error
862 silly ADD node_modules/@types/deep-eql
863 silly ADD node_modules/chai
864 silly ADD node_modules/@types/chai
865 silly ADD node_modules/@standard-schema/spec
866 silly ADD node_modules/why-is-node-running
867 silly ADD node_modules/tinyrainbow
868 silly ADD node_modules/tinyexec
869 silly ADD node_modules/tinybench
870 silly ADD node_modules/std-env
871 silly ADD node_modules/pathe
872 silly ADD node_modules/obug
873 silly ADD node_modules/magic-string
874 silly ADD node_modules/expect-type
875 silly ADD node_modules/es-module-lexer
876 silly ADD node_modules/@vitest/utils
877 silly ADD node_modules/@vitest/spy
878 silly ADD node_modules/@vitest/snapshot
879 silly ADD node_modules/@vitest/runner
880 silly ADD node_modules/@vitest/pretty-format
881 silly ADD node_modules/@vitest/mocker
882 silly ADD node_modules/@vitest/expect
883 silly ADD node_modules/tldts-core
884 silly ADD node_modules/tldts
885 silly ADD node_modules/min-indent
886 silly ADD node_modules/xmlchars
887 silly ADD node_modules/strip-indent
888 silly ADD node_modules/indent-string
889 silly ADD node_modules/react-is
890 silly ADD node_modules/ansi-styles
891 silly ADD node_modules/ansi-regex
892 silly ADD node_modules/entities
893 silly ADD node_modules/mdn-data
894 silly ADD node_modules/require-from-string
895 silly ADD node_modules/@csstools/color-helpers
896 silly ADD node_modules/bidi-js
897 silly ADD node_modules/@asamuzakjp/nwsapi
898 silly ADD node_modules/@csstools/css-color-parser
899 silly ADD node_modules/@csstools/css-tokenizer
900 silly ADD node_modules/@csstools/css-parser-algorithms
901 silly ADD node_modules/@csstools/css-calc
902 silly ADD node_modules/@asamuzakjp/generational-cache
903 silly ADD node_modules/xml-name-validator
904 silly ADD node_modules/whatwg-url
905 silly ADD node_modules/whatwg-mimetype
906 silly ADD node_modules/webidl-conversions
907 silly ADD node_modules/w3c-xmlserializer
908 silly ADD node_modules/undici
909 silly ADD node_modules/tough-cookie
910 silly ADD node_modules/symbol-tree
911 silly ADD node_modules/saxes
912 silly ADD node_modules/parse5
913 silly ADD node_modules/is-potential-custom-element-name
914 silly ADD node_modules/html-encoding-sniffer
915 silly ADD node_modules/decimal.js
916 silly ADD node_modules/data-urls
917 silly ADD node_modules/css-tree
918 silly ADD node_modules/@exodus/bytes
919 silly ADD node_modules/@csstools/css-syntax-patches-for-csstree
920 silly ADD node_modules/@bramus/specificity
921 silly ADD node_modules/@asamuzakjp/dom-selector
922 silly ADD node_modules/@asamuzakjp/css-color
923 silly ADD node_modules/dequal
924 silly ADD node_modules/redent
925 silly ADD node_modules/css.escape
926 silly ADD node_modules/@adobe/css-tools
927 silly ADD node_modules/pretty-format
928 silly ADD node_modules/lz-string
929 silly ADD node_modules/dom-accessibility-api
930 silly ADD node_modules/aria-query
931 silly ADD node_modules/@types/aria-query
932 silly ADD node_modules/@babel/runtime
933 silly ADD node_modules/vitest
934 silly ADD node_modules/jsdom
935 silly ADD node_modules/jsdom/node_modules/lru-cache
936 silly ADD node_modules/@testing-library/dom
937 silly ADD node_modules/@testing-library/react
938 silly ADD node_modules/@testing-library/jest-dom
939 silly ADD node_modules/@testing-library/jest-dom/node_modules/dom-accessibility-api
940 silly ADD
941 silly ADD
942 silly ADD
943 silly ADD
944 silly ADD
945 silly ADD
946 silly ADD
947 silly ADD
948 silly ADD
949 silly ADD
950 silly ADD
951 silly ADD
952 silly ADD
953 silly ADD
954 silly ADD
955 silly ADD
956 silly ADD
957 silly ADD
958 silly ADD
959 silly ADD
960 silly ADD
961 silly ADD
962 silly ADD
963 silly ADD
964 silly ADD
965 silly ADD
966 silly ADD
967 silly ADD
968 silly ADD
969 silly ADD
970 silly ADD
971 silly ADD
972 silly ADD
973 silly ADD
974 silly ADD
975 silly ADD
976 silly ADD
977 silly ADD
978 silly ADD
979 silly ADD
980 silly ADD
981 silly ADD
982 silly ADD
983 silly ADD
984 silly ADD
985 silly ADD
986 silly ADD
987 silly ADD
988 silly ADD
989 verbose cwd /home/user
990 verbose os Linux 6.1.158+
991 verbose node v20.20.2
992 verbose npm  v10.8.2
993 verbose exit 0
994 info ok
